[0.060s] Invoking command in '/home/cheech/Desktop/Workspace/Four_wheeled_robot/build/skid_bot': CMAKE_PREFIX_PATH=${CMAKE_PREFIX_PATH}:/home/cheech/ws_moveit2/install/moveit_configs_utils:/home/cheech/Desktop/Workspace/Raspberry/install/rasp:/home/cheech/Desktop/Workspace/Ruumba/install/trial:/home/cheech/Desktop/Workspace/AGV/install/hello_world:/home/cheech/Desktop/Workspace/AGV/install/Hello_world:/opt/ros/humble /usr/bin/cmake /home/cheech/Desktop/Workspace/Four_wheeled_robot/src/skid_bot -DAMENT_CMAKE_SYMLINK_INSTALL=1 -DCMAKE_INSTALL_PREFIX=/home/cheech/Desktop/Workspace/Four_wheeled_robot/install/skid_bot
[0.187s] -- The C compiler identification is GNU 11.4.0
[0.284s] -- The CXX compiler identification is GNU 11.4.0
[0.299s] -- Detecting C compiler ABI info
[0.445s] -- Detecting C compiler ABI info - done
[0.462s] -- Check for working C compiler: /usr/bin/cc - skipped
[0.462s] -- Detecting C compile features
[0.463s] -- Detecting C compile features - done
[0.468s] -- Detecting CXX compiler ABI info
[0.621s] -- Detecting CXX compiler ABI info - done
[0.635s] -- Check for working CXX compiler: /usr/bin/c++ - skipped
[0.636s] -- Detecting CXX compile features
[0.637s] -- Detecting CXX compile features - done
[0.657s] -- Found ament_cmake: 1.3.5 (/opt/ros/humble/share/ament_cmake/cmake)
[0.977s] -- Found Python3: /usr/bin/python3.10 (found version "3.10.12") found components: Interpreter 
[1.092s] -- Override CMake install command with custom implementation using symlinks instead of copying resources
[1.271s] -- Found ament_lint_auto: 0.12.8 (/opt/ros/humble/share/ament_lint_auto/cmake)
[1.484s] -- Added test 'copyright' to check source files copyright and LICENSE
[1.489s] -- Added test 'flake8' to check Python code syntax and style conventions
[1.491s] -- Added test 'lint_cmake' to check CMake code style
[1.495s] -- Added test 'pep257' to check Python code against some of the docstring style conventions in PEP 257
[1.499s] -- Added test 'xmllint' to check XML markup files
[1.506s] -- Configuring done
[1.512s] -- Generating done
[1.514s] -- Build files have been written to: /home/cheech/Desktop/Workspace/Four_wheeled_robot/build/skid_bot
[1.522s] Invoked command in '/home/cheech/Desktop/Workspace/Four_wheeled_robot/build/skid_bot' returned '0': CMAKE_PREFIX_PATH=${CMAKE_PREFIX_PATH}:/home/cheech/ws_moveit2/install/moveit_configs_utils:/home/cheech/Desktop/Workspace/Raspberry/install/rasp:/home/cheech/Desktop/Workspace/Ruumba/install/trial:/home/cheech/Desktop/Workspace/AGV/install/hello_world:/home/cheech/Desktop/Workspace/AGV/install/Hello_world:/opt/ros/humble /usr/bin/cmake /home/cheech/Desktop/Workspace/Four_wheeled_robot/src/skid_bot -DAMENT_CMAKE_SYMLINK_INSTALL=1 -DCMAKE_INSTALL_PREFIX=/home/cheech/Desktop/Workspace/Four_wheeled_robot/install/skid_bot
[1.526s] Invoking command in '/home/cheech/Desktop/Workspace/Four_wheeled_robot/build/skid_bot': CMAKE_PREFIX_PATH=${CMAKE_PREFIX_PATH}:/home/cheech/ws_moveit2/install/moveit_configs_utils:/home/cheech/Desktop/Workspace/Raspberry/install/rasp:/home/cheech/Desktop/Workspace/Ruumba/install/trial:/home/cheech/Desktop/Workspace/AGV/install/hello_world:/home/cheech/Desktop/Workspace/AGV/install/Hello_world:/opt/ros/humble /usr/bin/cmake --build /home/cheech/Desktop/Workspace/Four_wheeled_robot/build/skid_bot -- -j8 -l8
[1.608s] Invoked command in '/home/cheech/Desktop/Workspace/Four_wheeled_robot/build/skid_bot' returned '0': CMAKE_PREFIX_PATH=${CMAKE_PREFIX_PATH}:/home/cheech/ws_moveit2/install/moveit_configs_utils:/home/cheech/Desktop/Workspace/Raspberry/install/rasp:/home/cheech/Desktop/Workspace/Ruumba/install/trial:/home/cheech/Desktop/Workspace/AGV/install/hello_world:/home/cheech/Desktop/Workspace/AGV/install/Hello_world:/opt/ros/humble /usr/bin/cmake --build /home/cheech/Desktop/Workspace/Four_wheeled_robot/build/skid_bot -- -j8 -l8
[1.711s] Invoking command in '/home/cheech/Desktop/Workspace/Four_wheeled_robot/build/skid_bot': CMAKE_PREFIX_PATH=${CMAKE_PREFIX_PATH}:/home/cheech/ws_moveit2/install/moveit_configs_utils:/home/cheech/Desktop/Workspace/Raspberry/install/rasp:/home/cheech/Desktop/Workspace/Ruumba/install/trial:/home/cheech/Desktop/Workspace/AGV/install/hello_world:/home/cheech/Desktop/Workspace/AGV/install/Hello_world:/opt/ros/humble /usr/bin/cmake --install /home/cheech/Desktop/Workspace/Four_wheeled_robot/build/skid_bot
[1.727s] -- Install configuration: ""
[1.728s] -- Execute custom install script
[1.729s] -- Symlinking: /home/cheech/Desktop/Workspace/Four_wheeled_robot/install/skid_bot/share/skid_bot/config/empty.yaml
[1.750s] -- Symlinking: /home/cheech/Desktop/Workspace/Four_wheeled_robot/install/skid_bot/share/skid_bot/description/robot.urdf.xacro
[1.769s] -- Symlinking: /home/cheech/Desktop/Workspace/Four_wheeled_robot/install/skid_bot/share/skid_bot/description/skid.xacro
[1.789s] -- Symlinking: /home/cheech/Desktop/Workspace/Four_wheeled_robot/install/skid_bot/share/skid_bot/launch/rsp.launch.py
[1.810s] -- Symlinking: /home/cheech/Desktop/Workspace/Four_wheeled_robot/install/skid_bot/share/skid_bot/worlds/empty.world
[1.831s] -- Symlinking: /home/cheech/Desktop/Workspace/Four_wheeled_robot/install/skid_bot/share/ament_index/resource_index/package_run_dependencies/skid_bot
[1.851s] -- Symlinking: /home/cheech/Desktop/Workspace/Four_wheeled_robot/install/skid_bot/share/ament_index/resource_index/parent_prefix_path/skid_bot
[1.872s] -- Symlinking: /home/cheech/Desktop/Workspace/Four_wheeled_robot/install/skid_bot/share/skid_bot/environment/ament_prefix_path.sh
[1.896s] -- Symlinking: /home/cheech/Desktop/Workspace/Four_wheeled_robot/install/skid_bot/share/skid_bot/environment/ament_prefix_path.dsv
[1.918s] -- Symlinking: /home/cheech/Desktop/Workspace/Four_wheeled_robot/install/skid_bot/share/skid_bot/environment/path.sh
[1.935s] -- Symlinking: /home/cheech/Desktop/Workspace/Four_wheeled_robot/install/skid_bot/share/skid_bot/environment/path.dsv
[1.956s] -- Symlinking: /home/cheech/Desktop/Workspace/Four_wheeled_robot/install/skid_bot/share/skid_bot/local_setup.bash
[1.977s] -- Symlinking: /home/cheech/Desktop/Workspace/Four_wheeled_robot/install/skid_bot/share/skid_bot/local_setup.sh
[1.999s] -- Symlinking: /home/cheech/Desktop/Workspace/Four_wheeled_robot/install/skid_bot/share/skid_bot/local_setup.zsh
[2.020s] -- Symlinking: /home/cheech/Desktop/Workspace/Four_wheeled_robot/install/skid_bot/share/skid_bot/local_setup.dsv
[2.043s] -- Symlinking: /home/cheech/Desktop/Workspace/Four_wheeled_robot/install/skid_bot/share/skid_bot/package.dsv
[2.061s] -- Symlinking: /home/cheech/Desktop/Workspace/Four_wheeled_robot/install/skid_bot/share/ament_index/resource_index/packages/skid_bot
[2.083s] -- Symlinking: /home/cheech/Desktop/Workspace/Four_wheeled_robot/install/skid_bot/share/skid_bot/cmake/skid_botConfig.cmake
[2.104s] -- Symlinking: /home/cheech/Desktop/Workspace/Four_wheeled_robot/install/skid_bot/share/skid_bot/cmake/skid_botConfig-version.cmake
[2.125s] -- Symlinking: /home/cheech/Desktop/Workspace/Four_wheeled_robot/install/skid_bot/share/skid_bot/package.xml
[2.154s] Invoked command in '/home/cheech/Desktop/Workspace/Four_wheeled_robot/build/skid_bot' returned '0': CMAKE_PREFIX_PATH=${CMAKE_PREFIX_PATH}:/home/cheech/ws_moveit2/install/moveit_configs_utils:/home/cheech/Desktop/Workspace/Raspberry/install/rasp:/home/cheech/Desktop/Workspace/Ruumba/install/trial:/home/cheech/Desktop/Workspace/AGV/install/hello_world:/home/cheech/Desktop/Workspace/AGV/install/Hello_world:/opt/ros/humble /usr/bin/cmake --install /home/cheech/Desktop/Workspace/Four_wheeled_robot/build/skid_bot
