-- Install configuration: ""
-- Execute custom install script
-- Up-to-date symlink: /home/cheech/Desktop/Workspace/Four_wheeled_robot/install/my_bot/share/my_bot/config/empty.yaml
-- Up-to-date symlink: /home/cheech/Desktop/Workspace/Four_wheeled_robot/install/my_bot/share/my_bot/description/robot.urdf.xacro
-- Symlinking: /home/cheech/Desktop/Workspace/Four_wheeled_robot/install/my_bot/share/my_bot/description/skid.xacro
-- Up-to-date symlink: /home/cheech/Desktop/Workspace/Four_wheeled_robot/install/my_bot/share/my_bot/launch/rsp.launch.py
-- Up-to-date symlink: /home/cheech/Desktop/Workspace/Four_wheeled_robot/install/my_bot/share/my_bot/worlds/empty.world
-- Up-to-date symlink: /home/cheech/Desktop/Workspace/Four_wheeled_robot/install/my_bot/share/ament_index/resource_index/package_run_dependencies/my_bot
-- Up-to-date symlink: /home/cheech/Desktop/Workspace/Four_wheeled_robot/install/my_bot/share/ament_index/resource_index/parent_prefix_path/my_bot
-- Up-to-date symlink: /home/cheech/Desktop/Workspace/Four_wheeled_robot/install/my_bot/share/my_bot/environment/ament_prefix_path.sh
-- Up-to-date symlink: /home/cheech/Desktop/Workspace/Four_wheeled_robot/install/my_bot/share/my_bot/environment/ament_prefix_path.dsv
-- Up-to-date symlink: /home/cheech/Desktop/Workspace/Four_wheeled_robot/install/my_bot/share/my_bot/environment/path.sh
-- Up-to-date symlink: /home/cheech/Desktop/Workspace/Four_wheeled_robot/install/my_bot/share/my_bot/environment/path.dsv
-- Up-to-date symlink: /home/cheech/Desktop/Workspace/Four_wheeled_robot/install/my_bot/share/my_bot/local_setup.bash
-- Up-to-date symlink: /home/cheech/Desktop/Workspace/Four_wheeled_robot/install/my_bot/share/my_bot/local_setup.sh
-- Up-to-date symlink: /home/cheech/Desktop/Workspace/Four_wheeled_robot/install/my_bot/share/my_bot/local_setup.zsh
-- Up-to-date symlink: /home/cheech/Desktop/Workspace/Four_wheeled_robot/install/my_bot/share/my_bot/local_setup.dsv
-- Symlinking: /home/cheech/Desktop/Workspace/Four_wheeled_robot/install/my_bot/share/my_bot/package.dsv
-- Up-to-date symlink: /home/cheech/Desktop/Workspace/Four_wheeled_robot/install/my_bot/share/ament_index/resource_index/packages/my_bot
-- Up-to-date symlink: /home/cheech/Desktop/Workspace/Four_wheeled_robot/install/my_bot/share/my_bot/cmake/my_botConfig.cmake
-- Up-to-date symlink: /home/cheech/Desktop/Workspace/Four_wheeled_robot/install/my_bot/share/my_bot/cmake/my_botConfig-version.cmake
-- Up-to-date symlink: /home/cheech/Desktop/Workspace/Four_wheeled_robot/install/my_bot/share/my_bot/package.xml
