[0.060s] Invoking command in '/home/cheech/Desktop/Workspace/Four_wheeled_robot/build/my_bot': CMAKE_PREFIX_PATH=${CMAKE_PREFIX_PATH}:/home/cheech/ws_moveit2/install/moveit_configs_utils:/home/cheech/Desktop/Workspace/Raspberry/install/rasp:/home/cheech/Desktop/Workspace/Ruumba/install/trial:/home/cheech/Desktop/Workspace/AGV/install/hello_world:/home/cheech/Desktop/Workspace/AGV/install/Hello_world:/opt/ros/humble /usr/bin/cmake --build /home/cheech/Desktop/Workspace/Four_wheeled_robot/build/my_bot -- -j8 -l8
[0.150s] Invoked command in '/home/cheech/Desktop/Workspace/Four_wheeled_robot/build/my_bot' returned '0': CMAKE_PREFIX_PATH=${CMAKE_PREFIX_PATH}:/home/cheech/ws_moveit2/install/moveit_configs_utils:/home/cheech/Desktop/Workspace/Raspberry/install/rasp:/home/cheech/Desktop/Workspace/Ruumba/install/trial:/home/cheech/Desktop/Workspace/AGV/install/hello_world:/home/cheech/Desktop/Workspace/AGV/install/Hello_world:/opt/ros/humble /usr/bin/cmake --build /home/cheech/Desktop/Workspace/Four_wheeled_robot/build/my_bot -- -j8 -l8
[0.243s] Invoking command in '/home/cheech/Desktop/Workspace/Four_wheeled_robot/build/my_bot': CMAKE_PREFIX_PATH=${CMAKE_PREFIX_PATH}:/home/cheech/ws_moveit2/install/moveit_configs_utils:/home/cheech/Desktop/Workspace/Raspberry/install/rasp:/home/cheech/Desktop/Workspace/Ruumba/install/trial:/home/cheech/Desktop/Workspace/AGV/install/hello_world:/home/cheech/Desktop/Workspace/AGV/install/Hello_world:/opt/ros/humble /usr/bin/cmake --install /home/cheech/Desktop/Workspace/Four_wheeled_robot/build/my_bot
[0.262s] -- Install configuration: ""
[0.262s] -- Execute custom install script
[0.263s] -- Up-to-date symlink: /home/cheech/Desktop/Workspace/Four_wheeled_robot/install/my_bot/share/my_bot/config/empty.yaml
[0.264s] -- Up-to-date symlink: /home/cheech/Desktop/Workspace/Four_wheeled_robot/install/my_bot/share/my_bot/description/robot.urdf.xacro
[0.264s] -- Symlinking: /home/cheech/Desktop/Workspace/Four_wheeled_robot/install/my_bot/share/my_bot/description/skid.xacro
[0.286s] -- Up-to-date symlink: /home/cheech/Desktop/Workspace/Four_wheeled_robot/install/my_bot/share/my_bot/launch/rsp.launch.py
[0.286s] -- Up-to-date symlink: /home/cheech/Desktop/Workspace/Four_wheeled_robot/install/my_bot/share/my_bot/worlds/empty.world
[0.287s] -- Up-to-date symlink: /home/cheech/Desktop/Workspace/Four_wheeled_robot/install/my_bot/share/ament_index/resource_index/package_run_dependencies/my_bot
[0.287s] -- Up-to-date symlink: /home/cheech/Desktop/Workspace/Four_wheeled_robot/install/my_bot/share/ament_index/resource_index/parent_prefix_path/my_bot
[0.288s] -- Up-to-date symlink: /home/cheech/Desktop/Workspace/Four_wheeled_robot/install/my_bot/share/my_bot/environment/ament_prefix_path.sh
[0.288s] -- Up-to-date symlink: /home/cheech/Desktop/Workspace/Four_wheeled_robot/install/my_bot/share/my_bot/environment/ament_prefix_path.dsv
[0.289s] -- Up-to-date symlink: /home/cheech/Desktop/Workspace/Four_wheeled_robot/install/my_bot/share/my_bot/environment/path.sh
[0.289s] -- Up-to-date symlink: /home/cheech/Desktop/Workspace/Four_wheeled_robot/install/my_bot/share/my_bot/environment/path.dsv
[0.290s] -- Up-to-date symlink: /home/cheech/Desktop/Workspace/Four_wheeled_robot/install/my_bot/share/my_bot/local_setup.bash
[0.290s] -- Up-to-date symlink: /home/cheech/Desktop/Workspace/Four_wheeled_robot/install/my_bot/share/my_bot/local_setup.sh
[0.290s] -- Up-to-date symlink: /home/cheech/Desktop/Workspace/Four_wheeled_robot/install/my_bot/share/my_bot/local_setup.zsh
[0.291s] -- Up-to-date symlink: /home/cheech/Desktop/Workspace/Four_wheeled_robot/install/my_bot/share/my_bot/local_setup.dsv
[0.291s] -- Symlinking: /home/cheech/Desktop/Workspace/Four_wheeled_robot/install/my_bot/share/my_bot/package.dsv
[0.311s] -- Up-to-date symlink: /home/cheech/Desktop/Workspace/Four_wheeled_robot/install/my_bot/share/ament_index/resource_index/packages/my_bot
[0.312s] -- Up-to-date symlink: /home/cheech/Desktop/Workspace/Four_wheeled_robot/install/my_bot/share/my_bot/cmake/my_botConfig.cmake
[0.312s] -- Up-to-date symlink: /home/cheech/Desktop/Workspace/Four_wheeled_robot/install/my_bot/share/my_bot/cmake/my_botConfig-version.cmake
[0.312s] -- Up-to-date symlink: /home/cheech/Desktop/Workspace/Four_wheeled_robot/install/my_bot/share/my_bot/package.xml
[0.318s] Invoked command in '/home/cheech/Desktop/Workspace/Four_wheeled_robot/build/my_bot' returned '0': CMAKE_PREFIX_PATH=${CMAKE_PREFIX_PATH}:/home/cheech/ws_moveit2/install/moveit_configs_utils:/home/cheech/Desktop/Workspace/Raspberry/install/rasp:/home/cheech/Desktop/Workspace/Ruumba/install/trial:/home/cheech/Desktop/Workspace/AGV/install/hello_world:/home/cheech/Desktop/Workspace/AGV/install/Hello_world:/opt/ros/humble /usr/bin/cmake --install /home/cheech/Desktop/Workspace/Four_wheeled_robot/build/my_bot
