[0.074s] Invoking command in '/home/cheech/Desktop/Workspace/Four_wheeled_robot/build/skid_bot': CMAKE_PREFIX_PATH=${CMAKE_PREFIX_PATH}:/home/cheech/ws_moveit2/install/moveit_configs_utils:/home/cheech/Desktop/Workspace/Raspberry/install/rasp:/home/cheech/Desktop/Workspace/Ruumba/install/trial:/home/cheech/Desktop/Workspace/AGV/install/hello_world:/home/cheech/Desktop/Workspace/AGV/install/Hello_world:/opt/ros/humble /usr/bin/cmake --build /home/cheech/Desktop/Workspace/Four_wheeled_robot/build/skid_bot -- -j8 -l8
[0.499s] Invoked command in '/home/cheech/Desktop/Workspace/Four_wheeled_robot/build/skid_bot' returned '0': CMAKE_PREFIX_PATH=${CMAKE_PREFIX_PATH}:/home/cheech/ws_moveit2/install/moveit_configs_utils:/home/cheech/Desktop/Workspace/Raspberry/install/rasp:/home/cheech/Desktop/Workspace/Ruumba/install/trial:/home/cheech/Desktop/Workspace/AGV/install/hello_world:/home/cheech/Desktop/Workspace/AGV/install/Hello_world:/opt/ros/humble /usr/bin/cmake --build /home/cheech/Desktop/Workspace/Four_wheeled_robot/build/skid_bot -- -j8 -l8
[0.580s] Invoking command in '/home/cheech/Desktop/Workspace/Four_wheeled_robot/build/skid_bot': CMAKE_PREFIX_PATH=${CMAKE_PREFIX_PATH}:/home/cheech/ws_moveit2/install/moveit_configs_utils:/home/cheech/Desktop/Workspace/Raspberry/install/rasp:/home/cheech/Desktop/Workspace/Ruumba/install/trial:/home/cheech/Desktop/Workspace/AGV/install/hello_world:/home/cheech/Desktop/Workspace/AGV/install/Hello_world:/opt/ros/humble /usr/bin/cmake --install /home/cheech/Desktop/Workspace/Four_wheeled_robot/build/skid_bot
[0.600s] -- Install configuration: ""
[0.605s] -- Execute custom install script
[0.606s] -- Up-to-date symlink: /home/cheech/Desktop/Workspace/Four_wheeled_robot/install/skid_bot/share/skid_bot/config/empty.yaml
[0.606s] -- Up-to-date symlink: /home/cheech/Desktop/Workspace/Four_wheeled_robot/install/skid_bot/share/skid_bot/description/robot.urdf.xacro
[0.607s] -- Up-to-date symlink: /home/cheech/Desktop/Workspace/Four_wheeled_robot/install/skid_bot/share/skid_bot/description/skid.xacro
[0.607s] -- Up-to-date symlink: /home/cheech/Desktop/Workspace/Four_wheeled_robot/install/skid_bot/share/skid_bot/launch/rsp.launch.py
[0.608s] -- Up-to-date symlink: /home/cheech/Desktop/Workspace/Four_wheeled_robot/install/skid_bot/share/skid_bot/worlds/empty.world
[0.608s] -- Up-to-date symlink: /home/cheech/Desktop/Workspace/Four_wheeled_robot/install/skid_bot/share/ament_index/resource_index/package_run_dependencies/skid_bot
[0.609s] -- Up-to-date symlink: /home/cheech/Desktop/Workspace/Four_wheeled_robot/install/skid_bot/share/ament_index/resource_index/parent_prefix_path/skid_bot
[0.609s] -- Up-to-date symlink: /home/cheech/Desktop/Workspace/Four_wheeled_robot/install/skid_bot/share/skid_bot/environment/ament_prefix_path.sh
[0.610s] -- Up-to-date symlink: /home/cheech/Desktop/Workspace/Four_wheeled_robot/install/skid_bot/share/skid_bot/environment/ament_prefix_path.dsv
[0.610s] -- Up-to-date symlink: /home/cheech/Desktop/Workspace/Four_wheeled_robot/install/skid_bot/share/skid_bot/environment/path.sh
[0.611s] -- Up-to-date symlink: /home/cheech/Desktop/Workspace/Four_wheeled_robot/install/skid_bot/share/skid_bot/environment/path.dsv
[0.611s] -- Up-to-date symlink: /home/cheech/Desktop/Workspace/Four_wheeled_robot/install/skid_bot/share/skid_bot/local_setup.bash
[0.612s] -- Up-to-date symlink: /home/cheech/Desktop/Workspace/Four_wheeled_robot/install/skid_bot/share/skid_bot/local_setup.sh
[0.612s] -- Up-to-date symlink: /home/cheech/Desktop/Workspace/Four_wheeled_robot/install/skid_bot/share/skid_bot/local_setup.zsh
[0.612s] -- Up-to-date symlink: /home/cheech/Desktop/Workspace/Four_wheeled_robot/install/skid_bot/share/skid_bot/local_setup.dsv
[0.613s] -- Symlinking: /home/cheech/Desktop/Workspace/Four_wheeled_robot/install/skid_bot/share/skid_bot/package.dsv
[0.633s] -- Up-to-date symlink: /home/cheech/Desktop/Workspace/Four_wheeled_robot/install/skid_bot/share/ament_index/resource_index/packages/skid_bot
[0.633s] -- Up-to-date symlink: /home/cheech/Desktop/Workspace/Four_wheeled_robot/install/skid_bot/share/skid_bot/cmake/skid_botConfig.cmake
[0.634s] -- Up-to-date symlink: /home/cheech/Desktop/Workspace/Four_wheeled_robot/install/skid_bot/share/skid_bot/cmake/skid_botConfig-version.cmake
[0.634s] -- Up-to-date symlink: /home/cheech/Desktop/Workspace/Four_wheeled_robot/install/skid_bot/share/skid_bot/package.xml
[0.639s] Invoked command in '/home/cheech/Desktop/Workspace/Four_wheeled_robot/build/skid_bot' returned '0': CMAKE_PREFIX_PATH=${CMAKE_PREFIX_PATH}:/home/cheech/ws_moveit2/install/moveit_configs_utils:/home/cheech/Desktop/Workspace/Raspberry/install/rasp:/home/cheech/Desktop/Workspace/Ruumba/install/trial:/home/cheech/Desktop/Workspace/AGV/install/hello_world:/home/cheech/Desktop/Workspace/AGV/install/Hello_world:/opt/ros/humble /usr/bin/cmake --install /home/cheech/Desktop/Workspace/Four_wheeled_robot/build/skid_bot
