[0.057s] Invoking command in '/home/cheech/Desktop/Workspace/Four_wheeled_robot/build/my_bot': CMAKE_PREFIX_PATH=${CMAKE_PREFIX_PATH}:/home/cheech/ws_moveit2/install/moveit_configs_utils:/home/cheech/Desktop/Workspace/Raspberry/install/rasp:/home/cheech/Desktop/Workspace/Ruumba/install/trial:/home/cheech/Desktop/Workspace/AGV/install/hello_world:/home/cheech/Desktop/Workspace/AGV/install/Hello_world:/opt/ros/humble /usr/bin/cmake /home/cheech/Desktop/Workspace/Four_wheeled_robot/src/skid_bot -DAMENT_CMAKE_SYMLINK_INSTALL=1 -DCMAKE_INSTALL_PREFIX=/home/cheech/Desktop/Workspace/Four_wheeled_robot/install/my_bot
[0.085s] -- Found ament_cmake: 1.3.5 (/opt/ros/humble/share/ament_cmake/cmake)
[0.277s] -- Override CMake install command with custom implementation using symlinks instead of copying resources
[0.291s] -- Found ament_lint_auto: 0.12.8 (/opt/ros/humble/share/ament_lint_auto/cmake)
[0.396s] -- Added test 'copyright' to check source files copyright and LICENSE
[0.401s] -- Added test 'flake8' to check Python code syntax and style conventions
[0.402s] -- Added test 'lint_cmake' to check CMake code style
[0.403s] -- Added test 'pep257' to check Python code against some of the docstring style conventions in PEP 257
[0.405s] -- Added test 'xmllint' to check XML markup files
[0.407s] -- Configuring done
[0.412s] -- Generating done
[0.414s] -- Build files have been written to: /home/cheech/Desktop/Workspace/Four_wheeled_robot/build/my_bot
[0.418s] Invoked command in '/home/cheech/Desktop/Workspace/Four_wheeled_robot/build/my_bot' returned '0': CMAKE_PREFIX_PATH=${CMAKE_PREFIX_PATH}:/home/cheech/ws_moveit2/install/moveit_configs_utils:/home/cheech/Desktop/Workspace/Raspberry/install/rasp:/home/cheech/Desktop/Workspace/Ruumba/install/trial:/home/cheech/Desktop/Workspace/AGV/install/hello_world:/home/cheech/Desktop/Workspace/AGV/install/Hello_world:/opt/ros/humble /usr/bin/cmake /home/cheech/Desktop/Workspace/Four_wheeled_robot/src/skid_bot -DAMENT_CMAKE_SYMLINK_INSTALL=1 -DCMAKE_INSTALL_PREFIX=/home/cheech/Desktop/Workspace/Four_wheeled_robot/install/my_bot
[0.421s] Invoking command in '/home/cheech/Desktop/Workspace/Four_wheeled_robot/build/my_bot': CMAKE_PREFIX_PATH=${CMAKE_PREFIX_PATH}:/home/cheech/ws_moveit2/install/moveit_configs_utils:/home/cheech/Desktop/Workspace/Raspberry/install/rasp:/home/cheech/Desktop/Workspace/Ruumba/install/trial:/home/cheech/Desktop/Workspace/AGV/install/hello_world:/home/cheech/Desktop/Workspace/AGV/install/Hello_world:/opt/ros/humble /usr/bin/cmake --build /home/cheech/Desktop/Workspace/Four_wheeled_robot/build/my_bot -- -j8 -l8
[0.506s] Invoked command in '/home/cheech/Desktop/Workspace/Four_wheeled_robot/build/my_bot' returned '0': CMAKE_PREFIX_PATH=${CMAKE_PREFIX_PATH}:/home/cheech/ws_moveit2/install/moveit_configs_utils:/home/cheech/Desktop/Workspace/Raspberry/install/rasp:/home/cheech/Desktop/Workspace/Ruumba/install/trial:/home/cheech/Desktop/Workspace/AGV/install/hello_world:/home/cheech/Desktop/Workspace/AGV/install/Hello_world:/opt/ros/humble /usr/bin/cmake --build /home/cheech/Desktop/Workspace/Four_wheeled_robot/build/my_bot -- -j8 -l8
[0.589s] Invoking command in '/home/cheech/Desktop/Workspace/Four_wheeled_robot/build/my_bot': CMAKE_PREFIX_PATH=${CMAKE_PREFIX_PATH}:/home/cheech/ws_moveit2/install/moveit_configs_utils:/home/cheech/Desktop/Workspace/Raspberry/install/rasp:/home/cheech/Desktop/Workspace/Ruumba/install/trial:/home/cheech/Desktop/Workspace/AGV/install/hello_world:/home/cheech/Desktop/Workspace/AGV/install/Hello_world:/opt/ros/humble /usr/bin/cmake --install /home/cheech/Desktop/Workspace/Four_wheeled_robot/build/my_bot
[0.606s] -- Install configuration: ""
[0.606s] -- Execute custom install script
[0.607s] -- Symlinking: /home/cheech/Desktop/Workspace/Four_wheeled_robot/install/my_bot/share/my_bot/config/empty.yaml
[0.625s] -- Symlinking: /home/cheech/Desktop/Workspace/Four_wheeled_robot/install/my_bot/share/my_bot/description/robot.urdf.xacro
[0.643s] -- Symlinking: /home/cheech/Desktop/Workspace/Four_wheeled_robot/install/my_bot/share/my_bot/launch/rsp.launch.py
[0.659s] -- Symlinking: /home/cheech/Desktop/Workspace/Four_wheeled_robot/install/my_bot/share/my_bot/worlds/empty.world
[0.675s] -- Symlinking: /home/cheech/Desktop/Workspace/Four_wheeled_robot/install/my_bot/share/ament_index/resource_index/package_run_dependencies/my_bot
[0.690s] -- Symlinking: /home/cheech/Desktop/Workspace/Four_wheeled_robot/install/my_bot/share/ament_index/resource_index/parent_prefix_path/my_bot
[0.705s] -- Symlinking: /home/cheech/Desktop/Workspace/Four_wheeled_robot/install/my_bot/share/my_bot/environment/ament_prefix_path.sh
[0.729s] -- Symlinking: /home/cheech/Desktop/Workspace/Four_wheeled_robot/install/my_bot/share/my_bot/environment/ament_prefix_path.dsv
[0.748s] -- Symlinking: /home/cheech/Desktop/Workspace/Four_wheeled_robot/install/my_bot/share/my_bot/environment/path.sh
[0.764s] -- Symlinking: /home/cheech/Desktop/Workspace/Four_wheeled_robot/install/my_bot/share/my_bot/environment/path.dsv
[0.779s] -- Symlinking: /home/cheech/Desktop/Workspace/Four_wheeled_robot/install/my_bot/share/my_bot/local_setup.bash
[0.794s] -- Symlinking: /home/cheech/Desktop/Workspace/Four_wheeled_robot/install/my_bot/share/my_bot/local_setup.sh
[0.810s] -- Symlinking: /home/cheech/Desktop/Workspace/Four_wheeled_robot/install/my_bot/share/my_bot/local_setup.zsh
[0.830s] -- Symlinking: /home/cheech/Desktop/Workspace/Four_wheeled_robot/install/my_bot/share/my_bot/local_setup.dsv
[0.850s] -- Symlinking: /home/cheech/Desktop/Workspace/Four_wheeled_robot/install/my_bot/share/my_bot/package.dsv
[0.869s] -- Symlinking: /home/cheech/Desktop/Workspace/Four_wheeled_robot/install/my_bot/share/ament_index/resource_index/packages/my_bot
[0.885s] -- Symlinking: /home/cheech/Desktop/Workspace/Four_wheeled_robot/install/my_bot/share/my_bot/cmake/my_botConfig.cmake
[0.901s] -- Symlinking: /home/cheech/Desktop/Workspace/Four_wheeled_robot/install/my_bot/share/my_bot/cmake/my_botConfig-version.cmake
[0.916s] -- Symlinking: /home/cheech/Desktop/Workspace/Four_wheeled_robot/install/my_bot/share/my_bot/package.xml
[0.943s] Invoked command in '/home/cheech/Desktop/Workspace/Four_wheeled_robot/build/my_bot' returned '0': CMAKE_PREFIX_PATH=${CMAKE_PREFIX_PATH}:/home/cheech/ws_moveit2/install/moveit_configs_utils:/home/cheech/Desktop/Workspace/Raspberry/install/rasp:/home/cheech/Desktop/Workspace/Ruumba/install/trial:/home/cheech/Desktop/Workspace/AGV/install/hello_world:/home/cheech/Desktop/Workspace/AGV/install/Hello_world:/opt/ros/humble /usr/bin/cmake --install /home/cheech/Desktop/Workspace/Four_wheeled_robot/build/my_bot
