[0.717s] DEBUG:colcon:Command line arguments: ['/home/cheech/.local/bin/colcon', 'build', '--symlink-install']
[0.718s] DEBUG:colcon:Parsed command line arguments: Namespace(log_base=None, log_level=None, verb_name='build', build_base='build', install_base='install', merge_install=False, symlink_install=True, test_result_base=None, continue_on_error=False, executor='parallel', parallel_workers=8, event_handlers=None, ignore_user_meta=False, metas=['./colcon.meta'], base_paths=['.'], packages_ignore=None, packages_ignore_regex=None, paths=None, packages_up_to=None, packages_up_to_regex=None, packages_above=None, packages_above_and_dependencies=None, packages_above_depth=None, packages_select_by_dep=None, packages_skip_by_dep=None, packages_skip_up_to=None, packages_select_build_failed=False, packages_skip_build_finished=False, packages_select_test_failures=False, packages_skip_test_passed=False, packages_select=None, packages_skip=None, packages_select_regex=None, packages_skip_regex=None, packages_start=None, packages_end=None, allow_overriding=[], cmake_args=None, cmake_target=None, cmake_target_skip_unavailable=False, cmake_clean_cache=False, cmake_clean_first=False, cmake_force_configure=False, ament_cmake_args=None, catkin_cmake_args=None, catkin_skip_building_tests=False, mixin_files=None, mixin=None, verb_parser=<colcon_mixin.mixin.mixin_argument.MixinArgumentDecorator object at 0x7f29bb5ccfa0>, verb_extension=<colcon_core.verb.build.BuildVerb object at 0x7f29bb5cc9d0>, main=<bound method BuildVerb.main of <colcon_core.verb.build.BuildVerb object at 0x7f29bb5cc9d0>>, mixin_verb=('build',))
[0.954s] Level 1:colcon.colcon_core.package_discovery:discover_packages(colcon_meta) check parameters
[0.954s] Level 1:colcon.colcon_core.package_discovery:discover_packages(recursive) check parameters
[0.954s] Level 1:colcon.colcon_core.package_discovery:discover_packages(ignore) check parameters
[0.954s] Level 1:colcon.colcon_core.package_discovery:discover_packages(path) check parameters
[0.954s] Level 1:colcon.colcon_core.package_discovery:discover_packages(colcon_meta) discover
[0.954s] Level 1:colcon.colcon_core.package_discovery:discover_packages(recursive) discover
[0.954s] INFO:colcon.colcon_core.package_discovery:Crawling recursively for packages in '/home/cheech/Desktop/Workspace/Four_wheeled_robot'
[0.954s] Level 1:colcon.colcon_core.package_identification:_identify(.) by extensions ['ignore', 'ignore_ament_install']
[0.954s] Level 1:colcon.colcon_core.package_identification:_identify(.) by extension 'ignore'
[0.954s] Level 1:colcon.colcon_core.package_identification:_identify(.) by extension 'ignore_ament_install'
[0.955s] Level 1:colcon.colcon_core.package_identification:_identify(.) by extensions ['colcon_pkg']
[0.955s] Level 1:colcon.colcon_core.package_identification:_identify(.) by extension 'colcon_pkg'
[0.955s] Level 1:colcon.colcon_core.package_identification:_identify(.) by extensions ['colcon_meta']
[0.955s] Level 1:colcon.colcon_core.package_identification:_identify(.) by extension 'colcon_meta'
[0.955s] Level 1:colcon.colcon_core.package_identification:_identify(.) by extensions ['ros']
[0.955s] Level 1:colcon.colcon_core.package_identification:_identify(.) by extension 'ros'
[0.995s] Level 1:colcon.colcon_core.package_identification:_identify(.) by extensions ['cmake', 'python']
[0.995s] Level 1:colcon.colcon_core.package_identification:_identify(.) by extension 'cmake'
[0.995s] Level 1:colcon.colcon_core.package_identification:_identify(.) by extension 'python'
[0.995s] Level 1:colcon.colcon_core.package_identification:_identify(.) by extensions ['python_setup_py']
[0.995s] Level 1:colcon.colcon_core.package_identification:_identify(.) by extension 'python_setup_py'
[0.996s] Level 1:colcon.colcon_core.package_identification:_identify(build) by extensions ['ignore', 'ignore_ament_install']
[0.996s] Level 1:colcon.colcon_core.package_identification:_identify(build) by extension 'ignore'
[0.996s] Level 1:colcon.colcon_core.package_identification:_identify(build) ignored
[0.996s] Level 1:colcon.colcon_core.package_identification:_identify(install) by extensions ['ignore', 'ignore_ament_install']
[0.996s] Level 1:colcon.colcon_core.package_identification:_identify(install) by extension 'ignore'
[0.996s] Level 1:colcon.colcon_core.package_identification:_identify(install) ignored
[0.996s] Level 1:colcon.colcon_core.package_identification:_identify(log) by extensions ['ignore', 'ignore_ament_install']
[0.997s] Level 1:colcon.colcon_core.package_identification:_identify(log) by extension 'ignore'
[0.997s] Level 1:colcon.colcon_core.package_identification:_identify(log) ignored
[0.997s] Level 1:colcon.colcon_core.package_identification:_identify(src) by extensions ['ignore', 'ignore_ament_install']
[0.997s] Level 1:colcon.colcon_core.package_identification:_identify(src) by extension 'ignore'
[0.997s] Level 1:colcon.colcon_core.package_identification:_identify(src) by extension 'ignore_ament_install'
[0.997s] Level 1:colcon.colcon_core.package_identification:_identify(src) by extensions ['colcon_pkg']
[0.997s] Level 1:colcon.colcon_core.package_identification:_identify(src) by extension 'colcon_pkg'
[0.998s] Level 1:colcon.colcon_core.package_identification:_identify(src) by extensions ['colcon_meta']
[0.998s] Level 1:colcon.colcon_core.package_identification:_identify(src) by extension 'colcon_meta'
[0.998s] Level 1:colcon.colcon_core.package_identification:_identify(src) by extensions ['ros']
[0.998s] Level 1:colcon.colcon_core.package_identification:_identify(src) by extension 'ros'
[0.998s] Level 1:colcon.colcon_core.package_identification:_identify(src) by extensions ['cmake', 'python']
[0.998s] Level 1:colcon.colcon_core.package_identification:_identify(src) by extension 'cmake'
[0.998s] Level 1:colcon.colcon_core.package_identification:_identify(src) by extension 'python'
[0.998s] Level 1:colcon.colcon_core.package_identification:_identify(src) by extensions ['python_setup_py']
[0.998s] Level 1:colcon.colcon_core.package_identification:_identify(src) by extension 'python_setup_py'
[0.998s] Level 1:colcon.colcon_core.package_identification:_identify(src/skid_bot) by extensions ['ignore', 'ignore_ament_install']
[0.998s] Level 1:colcon.colcon_core.package_identification:_identify(src/skid_bot) by extension 'ignore'
[0.998s] Level 1:colcon.colcon_core.package_identification:_identify(src/skid_bot) by extension 'ignore_ament_install'
[0.999s] Level 1:colcon.colcon_core.package_identification:_identify(src/skid_bot) by extensions ['colcon_pkg']
[0.999s] Level 1:colcon.colcon_core.package_identification:_identify(src/skid_bot) by extension 'colcon_pkg'
[0.999s] Level 1:colcon.colcon_core.package_identification:_identify(src/skid_bot) by extensions ['colcon_meta']
[0.999s] Level 1:colcon.colcon_core.package_identification:_identify(src/skid_bot) by extension 'colcon_meta'
[0.999s] Level 1:colcon.colcon_core.package_identification:_identify(src/skid_bot) by extensions ['ros']
[0.999s] Level 1:colcon.colcon_core.package_identification:_identify(src/skid_bot) by extension 'ros'
[1.008s] DEBUG:colcon.colcon_core.package_identification:Package 'src/skid_bot' with type 'ros.ament_cmake' and name 'skid_bot'
[1.008s] Level 1:colcon.colcon_core.package_discovery:discover_packages(recursive) using defaults
[1.008s] Level 1:colcon.colcon_core.package_discovery:discover_packages(ignore) discover
[1.008s] Level 1:colcon.colcon_core.package_discovery:discover_packages(ignore) using defaults
[1.008s] Level 1:colcon.colcon_core.package_discovery:discover_packages(path) discover
[1.008s] Level 1:colcon.colcon_core.package_discovery:discover_packages(path) using defaults
[1.136s] Level 1:colcon.colcon_core.package_discovery:discover_packages(prefix_path) check parameters
[1.136s] Level 1:colcon.colcon_core.package_discovery:discover_packages(prefix_path) discover
[1.154s] DEBUG:colcon.colcon_installed_package_information.package_discovery:Found 1 installed packages in /home/cheech/Desktop/Workspace/Raspberry/install
[1.158s] DEBUG:colcon.colcon_installed_package_information.package_discovery:Found 1 installed packages in /home/cheech/Desktop/Workspace/Ruumba/install
[1.163s] DEBUG:colcon.colcon_installed_package_information.package_discovery:Found 2 installed packages in /home/cheech/Desktop/Workspace/AGV/install
[1.169s] DEBUG:colcon.colcon_installed_package_information.package_discovery:Found 64 installed packages in /home/cheech/ws_moveit2/install
[1.175s] DEBUG:colcon.colcon_installed_package_information.package_discovery:Found 420 installed packages in /opt/ros/humble
[1.177s] Level 1:colcon.colcon_core.package_discovery:discover_packages(prefix_path) using defaults
[1.451s] Level 5:colcon.colcon_core.verb:set package 'skid_bot' build argument 'cmake_args' from command line to 'None'
[1.451s] Level 5:colcon.colcon_core.verb:set package 'skid_bot' build argument 'cmake_target' from command line to 'None'
[1.451s] Level 5:colcon.colcon_core.verb:set package 'skid_bot' build argument 'cmake_target_skip_unavailable' from command line to 'False'
[1.451s] Level 5:colcon.colcon_core.verb:set package 'skid_bot' build argument 'cmake_clean_cache' from command line to 'False'
[1.451s] Level 5:colcon.colcon_core.verb:set package 'skid_bot' build argument 'cmake_clean_first' from command line to 'False'
[1.451s] Level 5:colcon.colcon_core.verb:set package 'skid_bot' build argument 'cmake_force_configure' from command line to 'False'
[1.451s] Level 5:colcon.colcon_core.verb:set package 'skid_bot' build argument 'ament_cmake_args' from command line to 'None'
[1.451s] Level 5:colcon.colcon_core.verb:set package 'skid_bot' build argument 'catkin_cmake_args' from command line to 'None'
[1.451s] Level 5:colcon.colcon_core.verb:set package 'skid_bot' build argument 'catkin_skip_building_tests' from command line to 'False'
[1.451s] DEBUG:colcon.colcon_core.verb:Building package 'skid_bot' with the following arguments: {'ament_cmake_args': None, 'build_base': '/home/cheech/Desktop/Workspace/Four_wheeled_robot/build/skid_bot', 'catkin_cmake_args': None, 'catkin_skip_building_tests': False, 'cmake_args': None, 'cmake_clean_cache': False, 'cmake_clean_first': False, 'cmake_force_configure': False, 'cmake_target': None, 'cmake_target_skip_unavailable': False, 'install_base': '/home/cheech/Desktop/Workspace/Four_wheeled_robot/install/skid_bot', 'merge_install': False, 'path': '/home/cheech/Desktop/Workspace/Four_wheeled_robot/src/skid_bot', 'symlink_install': True, 'test_result_base': None}
[1.453s] INFO:colcon.colcon_core.executor:Executing jobs using 'parallel' executor
[1.466s] DEBUG:colcon.colcon_parallel_executor.executor.parallel:run_until_complete
[1.466s] INFO:colcon.colcon_ros.task.ament_cmake.build:Building ROS package in '/home/cheech/Desktop/Workspace/Four_wheeled_robot/src/skid_bot' with build type 'ament_cmake'
[1.466s] INFO:colcon.colcon_cmake.task.cmake.build:Building CMake package in '/home/cheech/Desktop/Workspace/Four_wheeled_robot/src/skid_bot'
[1.493s] INFO:colcon.colcon_core.plugin_system:Skipping extension 'colcon_core.shell.bat': Not used on non-Windows systems
[1.494s] INFO:colcon.colcon_core.shell:Skip shell extension 'powershell' for command environment: Not usable outside of PowerShell
[1.494s] DEBUG:colcon.colcon_core.shell:Skip shell extension 'dsv' for command environment
[1.541s] DEBUG:colcon.colcon_core.event_handler.log_command:Invoking command in '/home/cheech/Desktop/Workspace/Four_wheeled_robot/build/skid_bot': CMAKE_PREFIX_PATH=${CMAKE_PREFIX_PATH}:/home/cheech/ws_moveit2/install/moveit_configs_utils:/home/cheech/Desktop/Workspace/Raspberry/install/rasp:/home/cheech/Desktop/Workspace/Ruumba/install/trial:/home/cheech/Desktop/Workspace/AGV/install/hello_world:/home/cheech/Desktop/Workspace/AGV/install/Hello_world:/opt/ros/humble /usr/bin/cmake --build /home/cheech/Desktop/Workspace/Four_wheeled_robot/build/skid_bot -- -j8 -l8
[1.967s] DEBUG:colcon.colcon_core.event_handler.log_command:Invoked command in '/home/cheech/Desktop/Workspace/Four_wheeled_robot/build/skid_bot' returned '0': CMAKE_PREFIX_PATH=${CMAKE_PREFIX_PATH}:/home/cheech/ws_moveit2/install/moveit_configs_utils:/home/cheech/Desktop/Workspace/Raspberry/install/rasp:/home/cheech/Desktop/Workspace/Ruumba/install/trial:/home/cheech/Desktop/Workspace/AGV/install/hello_world:/home/cheech/Desktop/Workspace/AGV/install/Hello_world:/opt/ros/humble /usr/bin/cmake --build /home/cheech/Desktop/Workspace/Four_wheeled_robot/build/skid_bot -- -j8 -l8
[2.047s] DEBUG:colcon.colcon_core.event_handler.log_command:Invoking command in '/home/cheech/Desktop/Workspace/Four_wheeled_robot/build/skid_bot': CMAKE_PREFIX_PATH=${CMAKE_PREFIX_PATH}:/home/cheech/ws_moveit2/install/moveit_configs_utils:/home/cheech/Desktop/Workspace/Raspberry/install/rasp:/home/cheech/Desktop/Workspace/Ruumba/install/trial:/home/cheech/Desktop/Workspace/AGV/install/hello_world:/home/cheech/Desktop/Workspace/AGV/install/Hello_world:/opt/ros/humble /usr/bin/cmake --install /home/cheech/Desktop/Workspace/Four_wheeled_robot/build/skid_bot
[2.104s] Level 1:colcon.colcon_core.environment:create_environment_scripts_only(skid_bot)
[2.106s] DEBUG:colcon.colcon_core.event_handler.log_command:Invoked command in '/home/cheech/Desktop/Workspace/Four_wheeled_robot/build/skid_bot' returned '0': CMAKE_PREFIX_PATH=${CMAKE_PREFIX_PATH}:/home/cheech/ws_moveit2/install/moveit_configs_utils:/home/cheech/Desktop/Workspace/Raspberry/install/rasp:/home/cheech/Desktop/Workspace/Ruumba/install/trial:/home/cheech/Desktop/Workspace/AGV/install/hello_world:/home/cheech/Desktop/Workspace/AGV/install/Hello_world:/opt/ros/humble /usr/bin/cmake --install /home/cheech/Desktop/Workspace/Four_wheeled_robot/build/skid_bot
[2.128s] Level 1:colcon.colcon_core.environment:checking '/home/cheech/Desktop/Workspace/Four_wheeled_robot/install/skid_bot' for CMake module files
[2.128s] Level 1:colcon.colcon_core.environment:checking '/home/cheech/Desktop/Workspace/Four_wheeled_robot/install/skid_bot' for CMake config files
[2.129s] Level 1:colcon.colcon_core.shell:create_environment_hook('skid_bot', 'cmake_prefix_path')
[2.136s] INFO:colcon.colcon_core.shell:Creating environment hook '/home/cheech/Desktop/Workspace/Four_wheeled_robot/install/skid_bot/share/skid_bot/hook/cmake_prefix_path.ps1'
[2.139s] INFO:colcon.colcon_core.shell:Creating environment descriptor '/home/cheech/Desktop/Workspace/Four_wheeled_robot/install/skid_bot/share/skid_bot/hook/cmake_prefix_path.dsv'
[2.140s] INFO:colcon.colcon_core.shell:Creating environment hook '/home/cheech/Desktop/Workspace/Four_wheeled_robot/install/skid_bot/share/skid_bot/hook/cmake_prefix_path.sh'
[2.142s] Level 1:colcon.colcon_core.environment:checking '/home/cheech/Desktop/Workspace/Four_wheeled_robot/install/skid_bot/bin'
[2.142s] Level 1:colcon.colcon_core.environment:checking '/home/cheech/Desktop/Workspace/Four_wheeled_robot/install/skid_bot/lib/pkgconfig/skid_bot.pc'
[2.142s] Level 1:colcon.colcon_core.environment:checking '/home/cheech/Desktop/Workspace/Four_wheeled_robot/install/skid_bot/lib/python3.10/site-packages'
[2.142s] Level 1:colcon.colcon_core.environment:checking '/home/cheech/Desktop/Workspace/Four_wheeled_robot/install/skid_bot/bin'
[2.151s] INFO:colcon.colcon_core.shell:Creating package script '/home/cheech/Desktop/Workspace/Four_wheeled_robot/install/skid_bot/share/skid_bot/package.ps1'
[2.152s] INFO:colcon.colcon_core.shell:Creating package descriptor '/home/cheech/Desktop/Workspace/Four_wheeled_robot/install/skid_bot/share/skid_bot/package.dsv'
[2.153s] INFO:colcon.colcon_core.shell:Creating package script '/home/cheech/Desktop/Workspace/Four_wheeled_robot/install/skid_bot/share/skid_bot/package.sh'
[2.155s] INFO:colcon.colcon_core.shell:Creating package script '/home/cheech/Desktop/Workspace/Four_wheeled_robot/install/skid_bot/share/skid_bot/package.bash'
[2.157s] INFO:colcon.colcon_core.shell:Creating package script '/home/cheech/Desktop/Workspace/Four_wheeled_robot/install/skid_bot/share/skid_bot/package.zsh'
[2.159s] Level 1:colcon.colcon_core.environment:create_file_with_runtime_dependencies(/home/cheech/Desktop/Workspace/Four_wheeled_robot/install/skid_bot/share/colcon-core/packages/skid_bot)
[2.236s] Level 1:colcon.colcon_core.environment:create_environment_scripts_only(skid_bot)
[2.244s] Level 1:colcon.colcon_core.environment:checking '/home/cheech/Desktop/Workspace/Four_wheeled_robot/install/skid_bot' for CMake module files
[2.245s] Level 1:colcon.colcon_core.environment:checking '/home/cheech/Desktop/Workspace/Four_wheeled_robot/install/skid_bot' for CMake config files
[2.245s] Level 1:colcon.colcon_core.shell:create_environment_hook('skid_bot', 'cmake_prefix_path')
[2.252s] INFO:colcon.colcon_core.shell:Creating environment hook '/home/cheech/Desktop/Workspace/Four_wheeled_robot/install/skid_bot/share/skid_bot/hook/cmake_prefix_path.ps1'
[2.253s] INFO:colcon.colcon_core.shell:Creating environment descriptor '/home/cheech/Desktop/Workspace/Four_wheeled_robot/install/skid_bot/share/skid_bot/hook/cmake_prefix_path.dsv'
[2.253s] INFO:colcon.colcon_core.shell:Creating environment hook '/home/cheech/Desktop/Workspace/Four_wheeled_robot/install/skid_bot/share/skid_bot/hook/cmake_prefix_path.sh'
[2.254s] Level 1:colcon.colcon_core.environment:checking '/home/cheech/Desktop/Workspace/Four_wheeled_robot/install/skid_bot/bin'
[2.254s] Level 1:colcon.colcon_core.environment:checking '/home/cheech/Desktop/Workspace/Four_wheeled_robot/install/skid_bot/lib/pkgconfig/skid_bot.pc'
[2.254s] Level 1:colcon.colcon_core.environment:checking '/home/cheech/Desktop/Workspace/Four_wheeled_robot/install/skid_bot/lib/python3.10/site-packages'
[2.255s] Level 1:colcon.colcon_core.environment:checking '/home/cheech/Desktop/Workspace/Four_wheeled_robot/install/skid_bot/bin'
[2.261s] INFO:colcon.colcon_core.shell:Creating package script '/home/cheech/Desktop/Workspace/Four_wheeled_robot/install/skid_bot/share/skid_bot/package.ps1'
[2.261s] INFO:colcon.colcon_core.shell:Creating package descriptor '/home/cheech/Desktop/Workspace/Four_wheeled_robot/install/skid_bot/share/skid_bot/package.dsv'
[2.262s] INFO:colcon.colcon_core.shell:Creating package script '/home/cheech/Desktop/Workspace/Four_wheeled_robot/install/skid_bot/share/skid_bot/package.sh'
[2.263s] INFO:colcon.colcon_core.shell:Creating package script '/home/cheech/Desktop/Workspace/Four_wheeled_robot/install/skid_bot/share/skid_bot/package.bash'
[2.263s] INFO:colcon.colcon_core.shell:Creating package script '/home/cheech/Desktop/Workspace/Four_wheeled_robot/install/skid_bot/share/skid_bot/package.zsh'
[2.264s] Level 1:colcon.colcon_core.environment:create_file_with_runtime_dependencies(/home/cheech/Desktop/Workspace/Four_wheeled_robot/install/skid_bot/share/colcon-core/packages/skid_bot)
[2.265s] DEBUG:colcon.colcon_parallel_executor.executor.parallel:closing loop
[2.265s] DEBUG:colcon.colcon_parallel_executor.executor.parallel:loop closed
[2.266s] DEBUG:colcon.colcon_parallel_executor.executor.parallel:run_until_complete finished with '0'
[2.266s] DEBUG:colcon.colcon_core.event_reactor:joining thread
[2.282s] INFO:colcon.colcon_core.plugin_system:Skipping extension 'colcon_notification.desktop_notification.terminal_notifier': Not used on non-Darwin systems
[2.282s] INFO:colcon.colcon_core.plugin_system:Skipping extension 'colcon_notification.desktop_notification.win32': Not used on non-Windows systems
[2.282s] INFO:colcon.colcon_notification.desktop_notification:Sending desktop notification using 'notify2'
[2.316s] DEBUG:colcon.colcon_core.event_reactor:joined thread
[2.324s] INFO:colcon.colcon_core.shell:Creating prefix script '/home/cheech/Desktop/Workspace/Four_wheeled_robot/install/local_setup.ps1'
[2.327s] INFO:colcon.colcon_core.shell:Creating prefix util module '/home/cheech/Desktop/Workspace/Four_wheeled_robot/install/_local_setup_util_ps1.py'
[2.330s] INFO:colcon.colcon_core.shell:Creating prefix chain script '/home/cheech/Desktop/Workspace/Four_wheeled_robot/install/setup.ps1'
[2.342s] INFO:colcon.colcon_core.shell:Creating prefix script '/home/cheech/Desktop/Workspace/Four_wheeled_robot/install/local_setup.sh'
[2.344s] INFO:colcon.colcon_core.shell:Creating prefix util module '/home/cheech/Desktop/Workspace/Four_wheeled_robot/install/_local_setup_util_sh.py'
[2.345s] INFO:colcon.colcon_core.shell:Creating prefix chain script '/home/cheech/Desktop/Workspace/Four_wheeled_robot/install/setup.sh'
[2.360s] INFO:colcon.colcon_core.shell:Creating prefix script '/home/cheech/Desktop/Workspace/Four_wheeled_robot/install/local_setup.bash'
[2.361s] INFO:colcon.colcon_core.shell:Creating prefix chain script '/home/cheech/Desktop/Workspace/Four_wheeled_robot/install/setup.bash'
[2.375s] INFO:colcon.colcon_core.shell:Creating prefix script '/home/cheech/Desktop/Workspace/Four_wheeled_robot/install/local_setup.zsh'
[2.376s] INFO:colcon.colcon_core.shell:Creating prefix chain script '/home/cheech/Desktop/Workspace/Four_wheeled_robot/install/setup.zsh'
