[1.064s] DEBUG:colcon:Command line arguments: ['/home/cheech/.local/bin/colcon', 'list', '-p', '--base-paths', '/home/cheech/Desktop/Workspace/Four_wheeled_robot']
[1.064s] DEBUG:colcon:Parsed command line arguments: Namespace(log_base=None, log_level=None, verb_name='list', build_base='build', ignore_user_meta=False, metas=['./colcon.meta'], base_paths=['/home/cheech/Desktop/Workspace/Four_wheeled_robot'], packages_ignore=None, packages_ignore_regex=None, paths=None, packages_up_to=None, packages_up_to_regex=None, packages_above=None, packages_above_and_dependencies=None, packages_above_depth=None, packages_select_by_dep=None, packages_skip_by_dep=None, packages_skip_up_to=None, packages_select_build_failed=False, packages_skip_build_finished=False, packages_select_test_failures=False, packages_skip_test_passed=False, packages_select=None, packages_skip=None, packages_select_regex=None, packages_skip_regex=None, packages_start=None, packages_end=None, allow_overriding=[], topological_order=False, names_only=False, paths_only=True, topological_graph=False, topological_graph_dot=False, topological_graph_density=False, topological_graph_legend=False, topological_graph_dot_cluster=False, topological_graph_dot_include_skipped=False, mixin_files=None, mixin=None, verb_parser=<colcon_mixin.mixin.mixin_argument.MixinArgumentDecorator object at 0x7f33c2fcd540>, verb_extension=<colcon_package_information.verb.list.ListVerb object at 0x7f33c2fcc4f0>, main=<bound method ListVerb.main of <colcon_package_information.verb.list.ListVerb object at 0x7f33c2fcc4f0>>, mixin_verb=('list',))
[1.117s] Level 1:colcon.colcon_core.package_discovery:discover_packages(colcon_meta) check parameters
[1.117s] Level 1:colcon.colcon_core.package_discovery:discover_packages(recursive) check parameters
[1.117s] Level 1:colcon.colcon_core.package_discovery:discover_packages(ignore) check parameters
[1.117s] Level 1:colcon.colcon_core.package_discovery:discover_packages(path) check parameters
[1.117s] Level 1:colcon.colcon_core.package_discovery:discover_packages(recursive) discover
[1.117s] INFO:colcon.colcon_core.package_discovery:Crawling recursively for packages in '/home/cheech/Desktop/Workspace/Four_wheeled_robot'
[1.118s] Level 1:colcon.colcon_core.package_identification:_identify(/home/cheech/Desktop/Workspace/Four_wheeled_robot) by extensions ['ignore', 'ignore_ament_install']
[1.118s] Level 1:colcon.colcon_core.package_identification:_identify(/home/cheech/Desktop/Workspace/Four_wheeled_robot) by extension 'ignore'
[1.118s] Level 1:colcon.colcon_core.package_identification:_identify(/home/cheech/Desktop/Workspace/Four_wheeled_robot) by extension 'ignore_ament_install'
[1.118s] Level 1:colcon.colcon_core.package_identification:_identify(/home/cheech/Desktop/Workspace/Four_wheeled_robot) by extensions ['colcon_pkg']
[1.118s] Level 1:colcon.colcon_core.package_identification:_identify(/home/cheech/Desktop/Workspace/Four_wheeled_robot) by extension 'colcon_pkg'
[1.118s] Level 1:colcon.colcon_core.package_identification:_identify(/home/cheech/Desktop/Workspace/Four_wheeled_robot) by extensions ['colcon_meta']
[1.118s] Level 1:colcon.colcon_core.package_identification:_identify(/home/cheech/Desktop/Workspace/Four_wheeled_robot) by extension 'colcon_meta'
[1.118s] Level 1:colcon.colcon_core.package_identification:_identify(/home/cheech/Desktop/Workspace/Four_wheeled_robot) by extensions ['ros']
[1.118s] Level 1:colcon.colcon_core.package_identification:_identify(/home/cheech/Desktop/Workspace/Four_wheeled_robot) by extension 'ros'
[1.137s] Level 1:colcon.colcon_core.package_identification:_identify(/home/cheech/Desktop/Workspace/Four_wheeled_robot) by extensions ['cmake', 'python']
[1.137s] Level 1:colcon.colcon_core.package_identification:_identify(/home/cheech/Desktop/Workspace/Four_wheeled_robot) by extension 'cmake'
[1.137s] Level 1:colcon.colcon_core.package_identification:_identify(/home/cheech/Desktop/Workspace/Four_wheeled_robot) by extension 'python'
[1.137s] Level 1:colcon.colcon_core.package_identification:_identify(/home/cheech/Desktop/Workspace/Four_wheeled_robot) by extensions ['python_setup_py']
[1.137s] Level 1:colcon.colcon_core.package_identification:_identify(/home/cheech/Desktop/Workspace/Four_wheeled_robot) by extension 'python_setup_py'
[1.138s] Level 1:colcon.colcon_core.package_identification:_identify(/home/cheech/Desktop/Workspace/Four_wheeled_robot/build) by extensions ['ignore', 'ignore_ament_install']
[1.138s] Level 1:colcon.colcon_core.package_identification:_identify(/home/cheech/Desktop/Workspace/Four_wheeled_robot/build) by extension 'ignore'
[1.138s] Level 1:colcon.colcon_core.package_identification:_identify(/home/cheech/Desktop/Workspace/Four_wheeled_robot/build) ignored
[1.138s] Level 1:colcon.colcon_core.package_identification:_identify(/home/cheech/Desktop/Workspace/Four_wheeled_robot/install) by extensions ['ignore', 'ignore_ament_install']
[1.139s] Level 1:colcon.colcon_core.package_identification:_identify(/home/cheech/Desktop/Workspace/Four_wheeled_robot/install) by extension 'ignore'
[1.139s] Level 1:colcon.colcon_core.package_identification:_identify(/home/cheech/Desktop/Workspace/Four_wheeled_robot/install) ignored
[1.139s] Level 1:colcon.colcon_core.package_identification:_identify(/home/cheech/Desktop/Workspace/Four_wheeled_robot/log) by extensions ['ignore', 'ignore_ament_install']
[1.139s] Level 1:colcon.colcon_core.package_identification:_identify(/home/cheech/Desktop/Workspace/Four_wheeled_robot/log) by extension 'ignore'
[1.139s] Level 1:colcon.colcon_core.package_identification:_identify(/home/cheech/Desktop/Workspace/Four_wheeled_robot/log) ignored
[1.140s] Level 1:colcon.colcon_core.package_identification:_identify(/home/cheech/Desktop/Workspace/Four_wheeled_robot/src) by extensions ['ignore', 'ignore_ament_install']
[1.140s] Level 1:colcon.colcon_core.package_identification:_identify(/home/cheech/Desktop/Workspace/Four_wheeled_robot/src) by extension 'ignore'
[1.140s] Level 1:colcon.colcon_core.package_identification:_identify(/home/cheech/Desktop/Workspace/Four_wheeled_robot/src) by extension 'ignore_ament_install'
[1.140s] Level 1:colcon.colcon_core.package_identification:_identify(/home/cheech/Desktop/Workspace/Four_wheeled_robot/src) by extensions ['colcon_pkg']
[1.140s] Level 1:colcon.colcon_core.package_identification:_identify(/home/cheech/Desktop/Workspace/Four_wheeled_robot/src) by extension 'colcon_pkg'
[1.141s] Level 1:colcon.colcon_core.package_identification:_identify(/home/cheech/Desktop/Workspace/Four_wheeled_robot/src) by extensions ['colcon_meta']
[1.141s] Level 1:colcon.colcon_core.package_identification:_identify(/home/cheech/Desktop/Workspace/Four_wheeled_robot/src) by extension 'colcon_meta'
[1.141s] Level 1:colcon.colcon_core.package_identification:_identify(/home/cheech/Desktop/Workspace/Four_wheeled_robot/src) by extensions ['ros']
[1.141s] Level 1:colcon.colcon_core.package_identification:_identify(/home/cheech/Desktop/Workspace/Four_wheeled_robot/src) by extension 'ros'
[1.141s] Level 1:colcon.colcon_core.package_identification:_identify(/home/cheech/Desktop/Workspace/Four_wheeled_robot/src) by extensions ['cmake', 'python']
[1.141s] Level 1:colcon.colcon_core.package_identification:_identify(/home/cheech/Desktop/Workspace/Four_wheeled_robot/src) by extension 'cmake'
[1.141s] Level 1:colcon.colcon_core.package_identification:_identify(/home/cheech/Desktop/Workspace/Four_wheeled_robot/src) by extension 'python'
[1.142s] Level 1:colcon.colcon_core.package_identification:_identify(/home/cheech/Desktop/Workspace/Four_wheeled_robot/src) by extensions ['python_setup_py']
[1.142s] Level 1:colcon.colcon_core.package_identification:_identify(/home/cheech/Desktop/Workspace/Four_wheeled_robot/src) by extension 'python_setup_py'
[1.142s] Level 1:colcon.colcon_core.package_identification:_identify(/home/cheech/Desktop/Workspace/Four_wheeled_robot/src/skid_bot) by extensions ['ignore', 'ignore_ament_install']
[1.142s] Level 1:colcon.colcon_core.package_identification:_identify(/home/cheech/Desktop/Workspace/Four_wheeled_robot/src/skid_bot) by extension 'ignore'
[1.143s] Level 1:colcon.colcon_core.package_identification:_identify(/home/cheech/Desktop/Workspace/Four_wheeled_robot/src/skid_bot) by extension 'ignore_ament_install'
[1.143s] Level 1:colcon.colcon_core.package_identification:_identify(/home/cheech/Desktop/Workspace/Four_wheeled_robot/src/skid_bot) by extensions ['colcon_pkg']
[1.143s] Level 1:colcon.colcon_core.package_identification:_identify(/home/cheech/Desktop/Workspace/Four_wheeled_robot/src/skid_bot) by extension 'colcon_pkg'
[1.143s] Level 1:colcon.colcon_core.package_identification:_identify(/home/cheech/Desktop/Workspace/Four_wheeled_robot/src/skid_bot) by extensions ['colcon_meta']
[1.143s] Level 1:colcon.colcon_core.package_identification:_identify(/home/cheech/Desktop/Workspace/Four_wheeled_robot/src/skid_bot) by extension 'colcon_meta'
[1.143s] Level 1:colcon.colcon_core.package_identification:_identify(/home/cheech/Desktop/Workspace/Four_wheeled_robot/src/skid_bot) by extensions ['ros']
[1.143s] Level 1:colcon.colcon_core.package_identification:_identify(/home/cheech/Desktop/Workspace/Four_wheeled_robot/src/skid_bot) by extension 'ros'
[1.147s] DEBUG:colcon.colcon_core.package_identification:Package '/home/cheech/Desktop/Workspace/Four_wheeled_robot/src/skid_bot' with type 'ros.ament_cmake' and name 'my_bot'
[1.147s] Level 1:colcon.colcon_core.package_discovery:discover_packages(recursive) using defaults
