[0.067s] Invoking command in '/home/cheech/Desktop/Workspace/Four_wheeled_robot/build/skid_bot': CMAKE_PREFIX_PATH=${CMAKE_PREFIX_PATH}:/home/cheech/ws_moveit2/install/moveit_configs_utils:/home/cheech/Desktop/Workspace/Raspberry/install/rasp:/home/cheech/Desktop/Workspace/Ruumba/install/trial:/home/cheech/Desktop/Workspace/AGV/install/hello_world:/home/cheech/Desktop/Workspace/AGV/install/Hello_world:/opt/ros/humble /usr/bin/cmake --build /home/cheech/Desktop/Workspace/Four_wheeled_robot/build/skid_bot -- -j8 -l8
[0.152s] Invoked command in '/home/cheech/Desktop/Workspace/Four_wheeled_robot/build/skid_bot' returned '0': CMAKE_PREFIX_PATH=${CMAKE_PREFIX_PATH}:/home/cheech/ws_moveit2/install/moveit_configs_utils:/home/cheech/Desktop/Workspace/Raspberry/install/rasp:/home/cheech/Desktop/Workspace/Ruumba/install/trial:/home/cheech/Desktop/Workspace/AGV/install/hello_world:/home/cheech/Desktop/Workspace/AGV/install/Hello_world:/opt/ros/humble /usr/bin/cmake --build /home/cheech/Desktop/Workspace/Four_wheeled_robot/build/skid_bot -- -j8 -l8
[0.247s] Invoking command in '/home/cheech/Desktop/Workspace/Four_wheeled_robot/build/skid_bot': CMAKE_PREFIX_PATH=${CMAKE_PREFIX_PATH}:/home/cheech/ws_moveit2/install/moveit_configs_utils:/home/cheech/Desktop/Workspace/Raspberry/install/rasp:/home/cheech/Desktop/Workspace/Ruumba/install/trial:/home/cheech/Desktop/Workspace/AGV/install/hello_world:/home/cheech/Desktop/Workspace/AGV/install/Hello_world:/opt/ros/humble /usr/bin/cmake --install /home/cheech/Desktop/Workspace/Four_wheeled_robot/build/skid_bot
[0.265s] -- Install configuration: ""
[0.266s] -- Execute custom install script
[0.267s] -- Up-to-date symlink: /home/cheech/Desktop/Workspace/Four_wheeled_robot/install/skid_bot/share/skid_bot/config/empty.yaml
[0.268s] -- Up-to-date symlink: /home/cheech/Desktop/Workspace/Four_wheeled_robot/install/skid_bot/share/skid_bot/description/gazebo_control.xacro
[0.268s] -- Up-to-date symlink: /home/cheech/Desktop/Workspace/Four_wheeled_robot/install/skid_bot/share/skid_bot/description/inertial_macros.xacro
[0.269s] -- Up-to-date symlink: /home/cheech/Desktop/Workspace/Four_wheeled_robot/install/skid_bot/share/skid_bot/description/robot.urdf.xacro
[0.269s] -- Up-to-date symlink: /home/cheech/Desktop/Workspace/Four_wheeled_robot/install/skid_bot/share/skid_bot/description/skid.xacro
[0.270s] -- Symlinking: /home/cheech/Desktop/Workspace/Four_wheeled_robot/install/skid_bot/share/skid_bot/launch/launch_sim.launch.py
[0.290s] -- Up-to-date symlink: /home/cheech/Desktop/Workspace/Four_wheeled_robot/install/skid_bot/share/skid_bot/launch/rsp.launch.py
[0.290s] -- Up-to-date symlink: /home/cheech/Desktop/Workspace/Four_wheeled_robot/install/skid_bot/share/skid_bot/worlds/empty.world
[0.291s] -- Up-to-date symlink: /home/cheech/Desktop/Workspace/Four_wheeled_robot/install/skid_bot/share/ament_index/resource_index/package_run_dependencies/skid_bot
[0.292s] -- Up-to-date symlink: /home/cheech/Desktop/Workspace/Four_wheeled_robot/install/skid_bot/share/ament_index/resource_index/parent_prefix_path/skid_bot
[0.292s] -- Up-to-date symlink: /home/cheech/Desktop/Workspace/Four_wheeled_robot/install/skid_bot/share/skid_bot/environment/ament_prefix_path.sh
[0.293s] -- Up-to-date symlink: /home/cheech/Desktop/Workspace/Four_wheeled_robot/install/skid_bot/share/skid_bot/environment/ament_prefix_path.dsv
[0.294s] -- Up-to-date symlink: /home/cheech/Desktop/Workspace/Four_wheeled_robot/install/skid_bot/share/skid_bot/environment/path.sh
[0.294s] -- Up-to-date symlink: /home/cheech/Desktop/Workspace/Four_wheeled_robot/install/skid_bot/share/skid_bot/environment/path.dsv
[0.295s] -- Up-to-date symlink: /home/cheech/Desktop/Workspace/Four_wheeled_robot/install/skid_bot/share/skid_bot/local_setup.bash
[0.295s] -- Up-to-date symlink: /home/cheech/Desktop/Workspace/Four_wheeled_robot/install/skid_bot/share/skid_bot/local_setup.sh
[0.296s] -- Up-to-date symlink: /home/cheech/Desktop/Workspace/Four_wheeled_robot/install/skid_bot/share/skid_bot/local_setup.zsh
[0.296s] -- Up-to-date symlink: /home/cheech/Desktop/Workspace/Four_wheeled_robot/install/skid_bot/share/skid_bot/local_setup.dsv
[0.297s] -- Symlinking: /home/cheech/Desktop/Workspace/Four_wheeled_robot/install/skid_bot/share/skid_bot/package.dsv
[0.321s] -- Up-to-date symlink: /home/cheech/Desktop/Workspace/Four_wheeled_robot/install/skid_bot/share/ament_index/resource_index/packages/skid_bot
[0.322s] -- Up-to-date symlink: /home/cheech/Desktop/Workspace/Four_wheeled_robot/install/skid_bot/share/skid_bot/cmake/skid_botConfig.cmake
[0.322s] -- Up-to-date symlink: /home/cheech/Desktop/Workspace/Four_wheeled_robot/install/skid_bot/share/skid_bot/cmake/skid_botConfig-version.cmake
[0.323s] -- Up-to-date symlink: /home/cheech/Desktop/Workspace/Four_wheeled_robot/install/skid_bot/share/skid_bot/package.xml
[0.331s] Invoked command in '/home/cheech/Desktop/Workspace/Four_wheeled_robot/build/skid_bot' returned '0': CMAKE_PREFIX_PATH=${CMAKE_PREFIX_PATH}:/home/cheech/ws_moveit2/install/moveit_configs_utils:/home/cheech/Desktop/Workspace/Raspberry/install/rasp:/home/cheech/Desktop/Workspace/Ruumba/install/trial:/home/cheech/Desktop/Workspace/AGV/install/hello_world:/home/cheech/Desktop/Workspace/AGV/install/Hello_world:/opt/ros/humble /usr/bin/cmake --install /home/cheech/Desktop/Workspace/Four_wheeled_robot/build/skid_bot
