[0.727s] DEBUG:colcon:Command line arguments: ['/home/cheech/.local/bin/colcon', 'build', '--symlink-install']
[0.728s] DEBUG:colcon:Parsed command line arguments: Namespace(log_base=None, log_level=None, verb_name='build', build_base='build', install_base='install', merge_install=False, symlink_install=True, test_result_base=None, continue_on_error=False, executor='parallel', parallel_workers=8, event_handlers=None, ignore_user_meta=False, metas=['./colcon.meta'], base_paths=['.'], packages_ignore=None, packages_ignore_regex=None, paths=None, packages_up_to=None, packages_up_to_regex=None, packages_above=None, packages_above_and_dependencies=None, packages_above_depth=None, packages_select_by_dep=None, packages_skip_by_dep=None, packages_skip_up_to=None, packages_select_build_failed=False, packages_skip_build_finished=False, packages_select_test_failures=False, packages_skip_test_passed=False, packages_select=None, packages_skip=None, packages_select_regex=None, packages_skip_regex=None, packages_start=None, packages_end=None, allow_overriding=[], cmake_args=None, cmake_target=None, cmake_target_skip_unavailable=False, cmake_clean_cache=False, cmake_clean_first=False, cmake_force_configure=False, ament_cmake_args=None, catkin_cmake_args=None, catkin_skip_building_tests=False, mixin_files=None, mixin=None, verb_parser=<colcon_mixin.mixin.mixin_argument.MixinArgumentDecorator object at 0x7fbb850810c0>, verb_extension=<colcon_core.verb.build.BuildVerb object at 0x7fbb85080af0>, main=<bound method BuildVerb.main of <colcon_core.verb.build.BuildVerb object at 0x7fbb85080af0>>, mixin_verb=('build',))
[0.764s] Level 1:colcon.colcon_core.package_discovery:discover_packages(colcon_meta) check parameters
[0.764s] Level 1:colcon.colcon_core.package_discovery:discover_packages(recursive) check parameters
[0.765s] Level 1:colcon.colcon_core.package_discovery:discover_packages(ignore) check parameters
[0.765s] Level 1:colcon.colcon_core.package_discovery:discover_packages(path) check parameters
[0.765s] Level 1:colcon.colcon_core.package_discovery:discover_packages(colcon_meta) discover
[0.765s] Level 1:colcon.colcon_core.package_discovery:discover_packages(recursive) discover
[0.765s] INFO:colcon.colcon_core.package_discovery:Crawling recursively for packages in '/home/cheech/Desktop/Workspace/Four_wheeled_robot'
[0.765s] Level 1:colcon.colcon_core.package_identification:_identify(.) by extensions ['ignore', 'ignore_ament_install']
[0.765s] Level 1:colcon.colcon_core.package_identification:_identify(.) by extension 'ignore'
[0.765s] Level 1:colcon.colcon_core.package_identification:_identify(.) by extension 'ignore_ament_install'
[0.766s] Level 1:colcon.colcon_core.package_identification:_identify(.) by extensions ['colcon_pkg']
[0.766s] Level 1:colcon.colcon_core.package_identification:_identify(.) by extension 'colcon_pkg'
[0.766s] Level 1:colcon.colcon_core.package_identification:_identify(.) by extensions ['colcon_meta']
[0.766s] Level 1:colcon.colcon_core.package_identification:_identify(.) by extension 'colcon_meta'
[0.766s] Level 1:colcon.colcon_core.package_identification:_identify(.) by extensions ['ros']
[0.766s] Level 1:colcon.colcon_core.package_identification:_identify(.) by extension 'ros'
[0.781s] Level 1:colcon.colcon_core.package_identification:_identify(.) by extensions ['cmake', 'python']
[0.781s] Level 1:colcon.colcon_core.package_identification:_identify(.) by extension 'cmake'
[0.782s] Level 1:colcon.colcon_core.package_identification:_identify(.) by extension 'python'
[0.782s] Level 1:colcon.colcon_core.package_identification:_identify(.) by extensions ['python_setup_py']
[0.782s] Level 1:colcon.colcon_core.package_identification:_identify(.) by extension 'python_setup_py'
[0.782s] Level 1:colcon.colcon_core.package_identification:_identify(build) by extensions ['ignore', 'ignore_ament_install']
[0.782s] Level 1:colcon.colcon_core.package_identification:_identify(build) by extension 'ignore'
[0.782s] Level 1:colcon.colcon_core.package_identification:_identify(build) ignored
[0.782s] Level 1:colcon.colcon_core.package_identification:_identify(install) by extensions ['ignore', 'ignore_ament_install']
[0.782s] Level 1:colcon.colcon_core.package_identification:_identify(install) by extension 'ignore'
[0.783s] Level 1:colcon.colcon_core.package_identification:_identify(install) ignored
[0.783s] Level 1:colcon.colcon_core.package_identification:_identify(log) by extensions ['ignore', 'ignore_ament_install']
[0.783s] Level 1:colcon.colcon_core.package_identification:_identify(log) by extension 'ignore'
[0.783s] Level 1:colcon.colcon_core.package_identification:_identify(log) ignored
[0.783s] Level 1:colcon.colcon_core.package_identification:_identify(src) by extensions ['ignore', 'ignore_ament_install']
[0.783s] Level 1:colcon.colcon_core.package_identification:_identify(src) by extension 'ignore'
[0.783s] Level 1:colcon.colcon_core.package_identification:_identify(src) by extension 'ignore_ament_install'
[0.783s] Level 1:colcon.colcon_core.package_identification:_identify(src) by extensions ['colcon_pkg']
[0.783s] Level 1:colcon.colcon_core.package_identification:_identify(src) by extension 'colcon_pkg'
[0.783s] Level 1:colcon.colcon_core.package_identification:_identify(src) by extensions ['colcon_meta']
[0.784s] Level 1:colcon.colcon_core.package_identification:_identify(src) by extension 'colcon_meta'
[0.784s] Level 1:colcon.colcon_core.package_identification:_identify(src) by extensions ['ros']
[0.784s] Level 1:colcon.colcon_core.package_identification:_identify(src) by extension 'ros'
[0.784s] Level 1:colcon.colcon_core.package_identification:_identify(src) by extensions ['cmake', 'python']
[0.784s] Level 1:colcon.colcon_core.package_identification:_identify(src) by extension 'cmake'
[0.784s] Level 1:colcon.colcon_core.package_identification:_identify(src) by extension 'python'
[0.784s] Level 1:colcon.colcon_core.package_identification:_identify(src) by extensions ['python_setup_py']
[0.784s] Level 1:colcon.colcon_core.package_identification:_identify(src) by extension 'python_setup_py'
[0.784s] Level 1:colcon.colcon_core.package_identification:_identify(src/skid_bot) by extensions ['ignore', 'ignore_ament_install']
[0.784s] Level 1:colcon.colcon_core.package_identification:_identify(src/skid_bot) by extension 'ignore'
[0.785s] Level 1:colcon.colcon_core.package_identification:_identify(src/skid_bot) by extension 'ignore_ament_install'
[0.785s] Level 1:colcon.colcon_core.package_identification:_identify(src/skid_bot) by extensions ['colcon_pkg']
[0.785s] Level 1:colcon.colcon_core.package_identification:_identify(src/skid_bot) by extension 'colcon_pkg'
[0.785s] Level 1:colcon.colcon_core.package_identification:_identify(src/skid_bot) by extensions ['colcon_meta']
[0.785s] Level 1:colcon.colcon_core.package_identification:_identify(src/skid_bot) by extension 'colcon_meta'
[0.785s] Level 1:colcon.colcon_core.package_identification:_identify(src/skid_bot) by extensions ['ros']
[0.785s] Level 1:colcon.colcon_core.package_identification:_identify(src/skid_bot) by extension 'ros'
[0.788s] DEBUG:colcon.colcon_core.package_identification:Package 'src/skid_bot' with type 'ros.ament_cmake' and name 'skid_bot'
[0.788s] Level 1:colcon.colcon_core.package_discovery:discover_packages(recursive) using defaults
[0.788s] Level 1:colcon.colcon_core.package_discovery:discover_packages(ignore) discover
[0.788s] Level 1:colcon.colcon_core.package_discovery:discover_packages(ignore) using defaults
[0.788s] Level 1:colcon.colcon_core.package_discovery:discover_packages(path) discover
[0.788s] Level 1:colcon.colcon_core.package_discovery:discover_packages(path) using defaults
[0.826s] Level 1:colcon.colcon_core.package_discovery:discover_packages(prefix_path) check parameters
[0.826s] Level 1:colcon.colcon_core.package_discovery:discover_packages(prefix_path) discover
[0.839s] DEBUG:colcon.colcon_installed_package_information.package_discovery:Found 2 installed packages in /home/cheech/Desktop/Workspace/Four_wheeled_robot/install
[0.842s] DEBUG:colcon.colcon_installed_package_information.package_discovery:Found 1 installed packages in /home/cheech/Desktop/Workspace/Raspberry/install
[0.846s] DEBUG:colcon.colcon_installed_package_information.package_discovery:Found 1 installed packages in /home/cheech/Desktop/Workspace/Ruumba/install
[0.849s] DEBUG:colcon.colcon_installed_package_information.package_discovery:Found 2 installed packages in /home/cheech/Desktop/Workspace/AGV/install
[0.855s] DEBUG:colcon.colcon_installed_package_information.package_discovery:Found 64 installed packages in /home/cheech/ws_moveit2/install
[0.861s] DEBUG:colcon.colcon_installed_package_information.package_discovery:Found 420 installed packages in /opt/ros/humble
[0.863s] Level 1:colcon.colcon_core.package_discovery:discover_packages(prefix_path) using defaults
[0.973s] Level 5:colcon.colcon_core.verb:set package 'skid_bot' build argument 'cmake_args' from command line to 'None'
[0.974s] Level 5:colcon.colcon_core.verb:set package 'skid_bot' build argument 'cmake_target' from command line to 'None'
[0.974s] Level 5:colcon.colcon_core.verb:set package 'skid_bot' build argument 'cmake_target_skip_unavailable' from command line to 'False'
[0.974s] Level 5:colcon.colcon_core.verb:set package 'skid_bot' build argument 'cmake_clean_cache' from command line to 'False'
[0.974s] Level 5:colcon.colcon_core.verb:set package 'skid_bot' build argument 'cmake_clean_first' from command line to 'False'
[0.974s] Level 5:colcon.colcon_core.verb:set package 'skid_bot' build argument 'cmake_force_configure' from command line to 'False'
[0.974s] Level 5:colcon.colcon_core.verb:set package 'skid_bot' build argument 'ament_cmake_args' from command line to 'None'
[0.974s] Level 5:colcon.colcon_core.verb:set package 'skid_bot' build argument 'catkin_cmake_args' from command line to 'None'
[0.974s] Level 5:colcon.colcon_core.verb:set package 'skid_bot' build argument 'catkin_skip_building_tests' from command line to 'False'
[0.974s] DEBUG:colcon.colcon_core.verb:Building package 'skid_bot' with the following arguments: {'ament_cmake_args': None, 'build_base': '/home/cheech/Desktop/Workspace/Four_wheeled_robot/build/skid_bot', 'catkin_cmake_args': None, 'catkin_skip_building_tests': False, 'cmake_args': None, 'cmake_clean_cache': False, 'cmake_clean_first': False, 'cmake_force_configure': False, 'cmake_target': None, 'cmake_target_skip_unavailable': False, 'install_base': '/home/cheech/Desktop/Workspace/Four_wheeled_robot/install/skid_bot', 'merge_install': False, 'path': '/home/cheech/Desktop/Workspace/Four_wheeled_robot/src/skid_bot', 'symlink_install': True, 'test_result_base': None}
[0.976s] INFO:colcon.colcon_core.executor:Executing jobs using 'parallel' executor
[0.992s] DEBUG:colcon.colcon_parallel_executor.executor.parallel:run_until_complete
[0.992s] INFO:colcon.colcon_ros.task.ament_cmake.build:Building ROS package in '/home/cheech/Desktop/Workspace/Four_wheeled_robot/src/skid_bot' with build type 'ament_cmake'
[0.992s] INFO:colcon.colcon_cmake.task.cmake.build:Building CMake package in '/home/cheech/Desktop/Workspace/Four_wheeled_robot/src/skid_bot'
[1.004s] INFO:colcon.colcon_core.plugin_system:Skipping extension 'colcon_core.shell.bat': Not used on non-Windows systems
[1.004s] INFO:colcon.colcon_core.shell:Skip shell extension 'powershell' for command environment: Not usable outside of PowerShell
[1.004s] DEBUG:colcon.colcon_core.shell:Skip shell extension 'dsv' for command environment
[1.060s] DEBUG:colcon.colcon_core.event_handler.log_command:Invoking command in '/home/cheech/Desktop/Workspace/Four_wheeled_robot/build/skid_bot': CMAKE_PREFIX_PATH=${CMAKE_PREFIX_PATH}:/home/cheech/ws_moveit2/install/moveit_configs_utils:/home/cheech/Desktop/Workspace/Raspberry/install/rasp:/home/cheech/Desktop/Workspace/Ruumba/install/trial:/home/cheech/Desktop/Workspace/AGV/install/hello_world:/home/cheech/Desktop/Workspace/AGV/install/Hello_world:/opt/ros/humble /usr/bin/cmake --build /home/cheech/Desktop/Workspace/Four_wheeled_robot/build/skid_bot -- -j8 -l8
[1.145s] DEBUG:colcon.colcon_core.event_handler.log_command:Invoked command in '/home/cheech/Desktop/Workspace/Four_wheeled_robot/build/skid_bot' returned '0': CMAKE_PREFIX_PATH=${CMAKE_PREFIX_PATH}:/home/cheech/ws_moveit2/install/moveit_configs_utils:/home/cheech/Desktop/Workspace/Raspberry/install/rasp:/home/cheech/Desktop/Workspace/Ruumba/install/trial:/home/cheech/Desktop/Workspace/AGV/install/hello_world:/home/cheech/Desktop/Workspace/AGV/install/Hello_world:/opt/ros/humble /usr/bin/cmake --build /home/cheech/Desktop/Workspace/Four_wheeled_robot/build/skid_bot -- -j8 -l8
[1.240s] DEBUG:colcon.colcon_core.event_handler.log_command:Invoking command in '/home/cheech/Desktop/Workspace/Four_wheeled_robot/build/skid_bot': CMAKE_PREFIX_PATH=${CMAKE_PREFIX_PATH}:/home/cheech/ws_moveit2/install/moveit_configs_utils:/home/cheech/Desktop/Workspace/Raspberry/install/rasp:/home/cheech/Desktop/Workspace/Ruumba/install/trial:/home/cheech/Desktop/Workspace/AGV/install/hello_world:/home/cheech/Desktop/Workspace/AGV/install/Hello_world:/opt/ros/humble /usr/bin/cmake --install /home/cheech/Desktop/Workspace/Four_wheeled_robot/build/skid_bot
[1.320s] Level 1:colcon.colcon_core.environment:create_environment_scripts_only(skid_bot)
[1.325s] DEBUG:colcon.colcon_core.event_handler.log_command:Invoked command in '/home/cheech/Desktop/Workspace/Four_wheeled_robot/build/skid_bot' returned '0': CMAKE_PREFIX_PATH=${CMAKE_PREFIX_PATH}:/home/cheech/ws_moveit2/install/moveit_configs_utils:/home/cheech/Desktop/Workspace/Raspberry/install/rasp:/home/cheech/Desktop/Workspace/Ruumba/install/trial:/home/cheech/Desktop/Workspace/AGV/install/hello_world:/home/cheech/Desktop/Workspace/AGV/install/Hello_world:/opt/ros/humble /usr/bin/cmake --install /home/cheech/Desktop/Workspace/Four_wheeled_robot/build/skid_bot
[1.343s] Level 1:colcon.colcon_core.environment:checking '/home/cheech/Desktop/Workspace/Four_wheeled_robot/install/skid_bot' for CMake module files
[1.345s] Level 1:colcon.colcon_core.environment:checking '/home/cheech/Desktop/Workspace/Four_wheeled_robot/install/skid_bot' for CMake config files
[1.345s] Level 1:colcon.colcon_core.shell:create_environment_hook('skid_bot', 'cmake_prefix_path')
[1.353s] INFO:colcon.colcon_core.shell:Creating environment hook '/home/cheech/Desktop/Workspace/Four_wheeled_robot/install/skid_bot/share/skid_bot/hook/cmake_prefix_path.ps1'
[1.354s] INFO:colcon.colcon_core.shell:Creating environment descriptor '/home/cheech/Desktop/Workspace/Four_wheeled_robot/install/skid_bot/share/skid_bot/hook/cmake_prefix_path.dsv'
[1.355s] INFO:colcon.colcon_core.shell:Creating environment hook '/home/cheech/Desktop/Workspace/Four_wheeled_robot/install/skid_bot/share/skid_bot/hook/cmake_prefix_path.sh'
[1.357s] Level 1:colcon.colcon_core.environment:checking '/home/cheech/Desktop/Workspace/Four_wheeled_robot/install/skid_bot/bin'
[1.357s] Level 1:colcon.colcon_core.environment:checking '/home/cheech/Desktop/Workspace/Four_wheeled_robot/install/skid_bot/lib/pkgconfig/skid_bot.pc'
[1.358s] Level 1:colcon.colcon_core.environment:checking '/home/cheech/Desktop/Workspace/Four_wheeled_robot/install/skid_bot/lib/python3.10/site-packages'
[1.359s] Level 1:colcon.colcon_core.environment:checking '/home/cheech/Desktop/Workspace/Four_wheeled_robot/install/skid_bot/bin'
[1.366s] INFO:colcon.colcon_core.shell:Creating package script '/home/cheech/Desktop/Workspace/Four_wheeled_robot/install/skid_bot/share/skid_bot/package.ps1'
[1.367s] INFO:colcon.colcon_core.shell:Creating package descriptor '/home/cheech/Desktop/Workspace/Four_wheeled_robot/install/skid_bot/share/skid_bot/package.dsv'
[1.368s] INFO:colcon.colcon_core.shell:Creating package script '/home/cheech/Desktop/Workspace/Four_wheeled_robot/install/skid_bot/share/skid_bot/package.sh'
[1.369s] INFO:colcon.colcon_core.shell:Creating package script '/home/cheech/Desktop/Workspace/Four_wheeled_robot/install/skid_bot/share/skid_bot/package.bash'
[1.370s] INFO:colcon.colcon_core.shell:Creating package script '/home/cheech/Desktop/Workspace/Four_wheeled_robot/install/skid_bot/share/skid_bot/package.zsh'
[1.371s] Level 1:colcon.colcon_core.environment:create_file_with_runtime_dependencies(/home/cheech/Desktop/Workspace/Four_wheeled_robot/install/skid_bot/share/colcon-core/packages/skid_bot)
[1.466s] Level 1:colcon.colcon_core.environment:create_environment_scripts_only(skid_bot)
[1.479s] Level 1:colcon.colcon_core.environment:checking '/home/cheech/Desktop/Workspace/Four_wheeled_robot/install/skid_bot' for CMake module files
[1.480s] Level 1:colcon.colcon_core.environment:checking '/home/cheech/Desktop/Workspace/Four_wheeled_robot/install/skid_bot' for CMake config files
[1.480s] Level 1:colcon.colcon_core.shell:create_environment_hook('skid_bot', 'cmake_prefix_path')
[1.487s] INFO:colcon.colcon_core.shell:Creating environment hook '/home/cheech/Desktop/Workspace/Four_wheeled_robot/install/skid_bot/share/skid_bot/hook/cmake_prefix_path.ps1'
[1.488s] INFO:colcon.colcon_core.shell:Creating environment descriptor '/home/cheech/Desktop/Workspace/Four_wheeled_robot/install/skid_bot/share/skid_bot/hook/cmake_prefix_path.dsv'
[1.488s] INFO:colcon.colcon_core.shell:Creating environment hook '/home/cheech/Desktop/Workspace/Four_wheeled_robot/install/skid_bot/share/skid_bot/hook/cmake_prefix_path.sh'
[1.490s] Level 1:colcon.colcon_core.environment:checking '/home/cheech/Desktop/Workspace/Four_wheeled_robot/install/skid_bot/bin'
[1.490s] Level 1:colcon.colcon_core.environment:checking '/home/cheech/Desktop/Workspace/Four_wheeled_robot/install/skid_bot/lib/pkgconfig/skid_bot.pc'
[1.491s] Level 1:colcon.colcon_core.environment:checking '/home/cheech/Desktop/Workspace/Four_wheeled_robot/install/skid_bot/lib/python3.10/site-packages'
[1.491s] Level 1:colcon.colcon_core.environment:checking '/home/cheech/Desktop/Workspace/Four_wheeled_robot/install/skid_bot/bin'
[1.499s] INFO:colcon.colcon_core.shell:Creating package script '/home/cheech/Desktop/Workspace/Four_wheeled_robot/install/skid_bot/share/skid_bot/package.ps1'
[1.500s] INFO:colcon.colcon_core.shell:Creating package descriptor '/home/cheech/Desktop/Workspace/Four_wheeled_robot/install/skid_bot/share/skid_bot/package.dsv'
[1.501s] INFO:colcon.colcon_core.shell:Creating package script '/home/cheech/Desktop/Workspace/Four_wheeled_robot/install/skid_bot/share/skid_bot/package.sh'
[1.502s] INFO:colcon.colcon_core.shell:Creating package script '/home/cheech/Desktop/Workspace/Four_wheeled_robot/install/skid_bot/share/skid_bot/package.bash'
[1.502s] INFO:colcon.colcon_core.shell:Creating package script '/home/cheech/Desktop/Workspace/Four_wheeled_robot/install/skid_bot/share/skid_bot/package.zsh'
[1.503s] Level 1:colcon.colcon_core.environment:create_file_with_runtime_dependencies(/home/cheech/Desktop/Workspace/Four_wheeled_robot/install/skid_bot/share/colcon-core/packages/skid_bot)
[1.504s] DEBUG:colcon.colcon_parallel_executor.executor.parallel:closing loop
[1.505s] DEBUG:colcon.colcon_parallel_executor.executor.parallel:loop closed
[1.505s] DEBUG:colcon.colcon_parallel_executor.executor.parallel:run_until_complete finished with '0'
[1.505s] DEBUG:colcon.colcon_core.event_reactor:joining thread
[1.518s] INFO:colcon.colcon_core.plugin_system:Skipping extension 'colcon_notification.desktop_notification.terminal_notifier': Not used on non-Darwin systems
[1.519s] INFO:colcon.colcon_core.plugin_system:Skipping extension 'colcon_notification.desktop_notification.win32': Not used on non-Windows systems
[1.519s] INFO:colcon.colcon_notification.desktop_notification:Sending desktop notification using 'notify2'
[1.537s] DEBUG:colcon.colcon_core.event_reactor:joined thread
[1.545s] INFO:colcon.colcon_core.shell:Creating prefix script '/home/cheech/Desktop/Workspace/Four_wheeled_robot/install/local_setup.ps1'
[1.547s] INFO:colcon.colcon_core.shell:Creating prefix util module '/home/cheech/Desktop/Workspace/Four_wheeled_robot/install/_local_setup_util_ps1.py'
[1.550s] INFO:colcon.colcon_core.shell:Creating prefix chain script '/home/cheech/Desktop/Workspace/Four_wheeled_robot/install/setup.ps1'
[1.561s] INFO:colcon.colcon_core.shell:Creating prefix script '/home/cheech/Desktop/Workspace/Four_wheeled_robot/install/local_setup.sh'
[1.562s] INFO:colcon.colcon_core.shell:Creating prefix util module '/home/cheech/Desktop/Workspace/Four_wheeled_robot/install/_local_setup_util_sh.py'
[1.563s] INFO:colcon.colcon_core.shell:Creating prefix chain script '/home/cheech/Desktop/Workspace/Four_wheeled_robot/install/setup.sh'
[1.574s] INFO:colcon.colcon_core.shell:Creating prefix script '/home/cheech/Desktop/Workspace/Four_wheeled_robot/install/local_setup.bash'
[1.575s] INFO:colcon.colcon_core.shell:Creating prefix chain script '/home/cheech/Desktop/Workspace/Four_wheeled_robot/install/setup.bash'
[1.590s] INFO:colcon.colcon_core.shell:Creating prefix script '/home/cheech/Desktop/Workspace/Four_wheeled_robot/install/local_setup.zsh'
[1.591s] INFO:colcon.colcon_core.shell:Creating prefix chain script '/home/cheech/Desktop/Workspace/Four_wheeled_robot/install/setup.zsh'
