[0.701s] DEBUG:colcon:Command line arguments: ['/home/cheech/.local/bin/colcon', 'build', '--symlink-install']
[0.701s] DEBUG:colcon:Parsed command line arguments: Namespace(log_base=None, log_level=None, verb_name='build', build_base='build', install_base='install', merge_install=False, symlink_install=True, test_result_base=None, continue_on_error=False, executor='parallel', parallel_workers=8, event_handlers=None, ignore_user_meta=False, metas=['./colcon.meta'], base_paths=['.'], packages_ignore=None, packages_ignore_regex=None, paths=None, packages_up_to=None, packages_up_to_regex=None, packages_above=None, packages_above_and_dependencies=None, packages_above_depth=None, packages_select_by_dep=None, packages_skip_by_dep=None, packages_skip_up_to=None, packages_select_build_failed=False, packages_skip_build_finished=False, packages_select_test_failures=False, packages_skip_test_passed=False, packages_select=None, packages_skip=None, packages_select_regex=None, packages_skip_regex=None, packages_start=None, packages_end=None, allow_overriding=[], cmake_args=None, cmake_target=None, cmake_target_skip_unavailable=False, cmake_clean_cache=False, cmake_clean_first=False, cmake_force_configure=False, ament_cmake_args=None, catkin_cmake_args=None, catkin_skip_building_tests=False, mixin_files=None, mixin=None, verb_parser=<colcon_mixin.mixin.mixin_argument.MixinArgumentDecorator object at 0x7f59629d89d0>, verb_extension=<colcon_core.verb.build.BuildVerb object at 0x7f59629d8400>, main=<bound method BuildVerb.main of <colcon_core.verb.build.BuildVerb object at 0x7f59629d8400>>, mixin_verb=('build',))
[0.734s] Level 1:colcon.colcon_core.package_discovery:discover_packages(colcon_meta) check parameters
[0.735s] Level 1:colcon.colcon_core.package_discovery:discover_packages(recursive) check parameters
[0.735s] Level 1:colcon.colcon_core.package_discovery:discover_packages(ignore) check parameters
[0.735s] Level 1:colcon.colcon_core.package_discovery:discover_packages(path) check parameters
[0.735s] Level 1:colcon.colcon_core.package_discovery:discover_packages(colcon_meta) discover
[0.735s] Level 1:colcon.colcon_core.package_discovery:discover_packages(recursive) discover
[0.735s] INFO:colcon.colcon_core.package_discovery:Crawling recursively for packages in '/home/cheech/Desktop/Workspace/Four_wheeled_robot'
[0.735s] Level 1:colcon.colcon_core.package_identification:_identify(.) by extensions ['ignore', 'ignore_ament_install']
[0.735s] Level 1:colcon.colcon_core.package_identification:_identify(.) by extension 'ignore'
[0.735s] Level 1:colcon.colcon_core.package_identification:_identify(.) by extension 'ignore_ament_install'
[0.735s] Level 1:colcon.colcon_core.package_identification:_identify(.) by extensions ['colcon_pkg']
[0.735s] Level 1:colcon.colcon_core.package_identification:_identify(.) by extension 'colcon_pkg'
[0.735s] Level 1:colcon.colcon_core.package_identification:_identify(.) by extensions ['colcon_meta']
[0.735s] Level 1:colcon.colcon_core.package_identification:_identify(.) by extension 'colcon_meta'
[0.736s] Level 1:colcon.colcon_core.package_identification:_identify(.) by extensions ['ros']
[0.736s] Level 1:colcon.colcon_core.package_identification:_identify(.) by extension 'ros'
[0.748s] Level 1:colcon.colcon_core.package_identification:_identify(.) by extensions ['cmake', 'python']
[0.748s] Level 1:colcon.colcon_core.package_identification:_identify(.) by extension 'cmake'
[0.748s] Level 1:colcon.colcon_core.package_identification:_identify(.) by extension 'python'
[0.748s] Level 1:colcon.colcon_core.package_identification:_identify(.) by extensions ['python_setup_py']
[0.748s] Level 1:colcon.colcon_core.package_identification:_identify(.) by extension 'python_setup_py'
[0.748s] Level 1:colcon.colcon_core.package_identification:_identify(build) by extensions ['ignore', 'ignore_ament_install']
[0.748s] Level 1:colcon.colcon_core.package_identification:_identify(build) by extension 'ignore'
[0.748s] Level 1:colcon.colcon_core.package_identification:_identify(build) ignored
[0.748s] Level 1:colcon.colcon_core.package_identification:_identify(install) by extensions ['ignore', 'ignore_ament_install']
[0.749s] Level 1:colcon.colcon_core.package_identification:_identify(install) by extension 'ignore'
[0.749s] Level 1:colcon.colcon_core.package_identification:_identify(install) ignored
[0.749s] Level 1:colcon.colcon_core.package_identification:_identify(log) by extensions ['ignore', 'ignore_ament_install']
[0.749s] Level 1:colcon.colcon_core.package_identification:_identify(log) by extension 'ignore'
[0.749s] Level 1:colcon.colcon_core.package_identification:_identify(log) ignored
[0.749s] Level 1:colcon.colcon_core.package_identification:_identify(src) by extensions ['ignore', 'ignore_ament_install']
[0.749s] Level 1:colcon.colcon_core.package_identification:_identify(src) by extension 'ignore'
[0.749s] Level 1:colcon.colcon_core.package_identification:_identify(src) by extension 'ignore_ament_install'
[0.749s] Level 1:colcon.colcon_core.package_identification:_identify(src) by extensions ['colcon_pkg']
[0.749s] Level 1:colcon.colcon_core.package_identification:_identify(src) by extension 'colcon_pkg'
[0.749s] Level 1:colcon.colcon_core.package_identification:_identify(src) by extensions ['colcon_meta']
[0.749s] Level 1:colcon.colcon_core.package_identification:_identify(src) by extension 'colcon_meta'
[0.749s] Level 1:colcon.colcon_core.package_identification:_identify(src) by extensions ['ros']
[0.749s] Level 1:colcon.colcon_core.package_identification:_identify(src) by extension 'ros'
[0.749s] Level 1:colcon.colcon_core.package_identification:_identify(src) by extensions ['cmake', 'python']
[0.749s] Level 1:colcon.colcon_core.package_identification:_identify(src) by extension 'cmake'
[0.749s] Level 1:colcon.colcon_core.package_identification:_identify(src) by extension 'python'
[0.750s] Level 1:colcon.colcon_core.package_identification:_identify(src) by extensions ['python_setup_py']
[0.750s] Level 1:colcon.colcon_core.package_identification:_identify(src) by extension 'python_setup_py'
[0.750s] Level 1:colcon.colcon_core.package_identification:_identify(src/skid_bot) by extensions ['ignore', 'ignore_ament_install']
[0.750s] Level 1:colcon.colcon_core.package_identification:_identify(src/skid_bot) by extension 'ignore'
[0.750s] Level 1:colcon.colcon_core.package_identification:_identify(src/skid_bot) by extension 'ignore_ament_install'
[0.750s] Level 1:colcon.colcon_core.package_identification:_identify(src/skid_bot) by extensions ['colcon_pkg']
[0.750s] Level 1:colcon.colcon_core.package_identification:_identify(src/skid_bot) by extension 'colcon_pkg'
[0.750s] Level 1:colcon.colcon_core.package_identification:_identify(src/skid_bot) by extensions ['colcon_meta']
[0.750s] Level 1:colcon.colcon_core.package_identification:_identify(src/skid_bot) by extension 'colcon_meta'
[0.750s] Level 1:colcon.colcon_core.package_identification:_identify(src/skid_bot) by extensions ['ros']
[0.750s] Level 1:colcon.colcon_core.package_identification:_identify(src/skid_bot) by extension 'ros'
[0.752s] DEBUG:colcon.colcon_core.package_identification:Package 'src/skid_bot' with type 'ros.ament_cmake' and name 'my_bot'
[0.752s] Level 1:colcon.colcon_core.package_discovery:discover_packages(recursive) using defaults
[0.753s] Level 1:colcon.colcon_core.package_discovery:discover_packages(ignore) discover
[0.753s] Level 1:colcon.colcon_core.package_discovery:discover_packages(ignore) using defaults
[0.753s] Level 1:colcon.colcon_core.package_discovery:discover_packages(path) discover
[0.753s] Level 1:colcon.colcon_core.package_discovery:discover_packages(path) using defaults
[0.789s] Level 1:colcon.colcon_core.package_discovery:discover_packages(prefix_path) check parameters
[0.790s] Level 1:colcon.colcon_core.package_discovery:discover_packages(prefix_path) discover
[0.801s] DEBUG:colcon.colcon_installed_package_information.package_discovery:Found 1 installed packages in /home/cheech/Desktop/Workspace/Raspberry/install
[0.804s] DEBUG:colcon.colcon_installed_package_information.package_discovery:Found 1 installed packages in /home/cheech/Desktop/Workspace/Ruumba/install
[0.808s] DEBUG:colcon.colcon_installed_package_information.package_discovery:Found 2 installed packages in /home/cheech/Desktop/Workspace/AGV/install
[0.813s] DEBUG:colcon.colcon_installed_package_information.package_discovery:Found 64 installed packages in /home/cheech/ws_moveit2/install
[0.818s] DEBUG:colcon.colcon_installed_package_information.package_discovery:Found 420 installed packages in /opt/ros/humble
[0.820s] Level 1:colcon.colcon_core.package_discovery:discover_packages(prefix_path) using defaults
[0.921s] Level 5:colcon.colcon_core.verb:set package 'my_bot' build argument 'cmake_args' from command line to 'None'
[0.921s] Level 5:colcon.colcon_core.verb:set package 'my_bot' build argument 'cmake_target' from command line to 'None'
[0.921s] Level 5:colcon.colcon_core.verb:set package 'my_bot' build argument 'cmake_target_skip_unavailable' from command line to 'False'
[0.921s] Level 5:colcon.colcon_core.verb:set package 'my_bot' build argument 'cmake_clean_cache' from command line to 'False'
[0.921s] Level 5:colcon.colcon_core.verb:set package 'my_bot' build argument 'cmake_clean_first' from command line to 'False'
[0.921s] Level 5:colcon.colcon_core.verb:set package 'my_bot' build argument 'cmake_force_configure' from command line to 'False'
[0.921s] Level 5:colcon.colcon_core.verb:set package 'my_bot' build argument 'ament_cmake_args' from command line to 'None'
[0.921s] Level 5:colcon.colcon_core.verb:set package 'my_bot' build argument 'catkin_cmake_args' from command line to 'None'
[0.921s] Level 5:colcon.colcon_core.verb:set package 'my_bot' build argument 'catkin_skip_building_tests' from command line to 'False'
[0.921s] DEBUG:colcon.colcon_core.verb:Building package 'my_bot' with the following arguments: {'ament_cmake_args': None, 'build_base': '/home/cheech/Desktop/Workspace/Four_wheeled_robot/build/my_bot', 'catkin_cmake_args': None, 'catkin_skip_building_tests': False, 'cmake_args': None, 'cmake_clean_cache': False, 'cmake_clean_first': False, 'cmake_force_configure': False, 'cmake_target': None, 'cmake_target_skip_unavailable': False, 'install_base': '/home/cheech/Desktop/Workspace/Four_wheeled_robot/install/my_bot', 'merge_install': False, 'path': '/home/cheech/Desktop/Workspace/Four_wheeled_robot/src/skid_bot', 'symlink_install': True, 'test_result_base': None}
[0.923s] INFO:colcon.colcon_core.executor:Executing jobs using 'parallel' executor
[0.935s] DEBUG:colcon.colcon_parallel_executor.executor.parallel:run_until_complete
[0.935s] INFO:colcon.colcon_ros.task.ament_cmake.build:Building ROS package in '/home/cheech/Desktop/Workspace/Four_wheeled_robot/src/skid_bot' with build type 'ament_cmake'
[0.935s] INFO:colcon.colcon_cmake.task.cmake.build:Building CMake package in '/home/cheech/Desktop/Workspace/Four_wheeled_robot/src/skid_bot'
[0.944s] INFO:colcon.colcon_core.plugin_system:Skipping extension 'colcon_core.shell.bat': Not used on non-Windows systems
[0.944s] INFO:colcon.colcon_core.shell:Skip shell extension 'powershell' for command environment: Not usable outside of PowerShell
[0.944s] DEBUG:colcon.colcon_core.shell:Skip shell extension 'dsv' for command environment
[0.994s] DEBUG:colcon.colcon_core.event_handler.log_command:Invoking command in '/home/cheech/Desktop/Workspace/Four_wheeled_robot/build/my_bot': CMAKE_PREFIX_PATH=${CMAKE_PREFIX_PATH}:/home/cheech/ws_moveit2/install/moveit_configs_utils:/home/cheech/Desktop/Workspace/Raspberry/install/rasp:/home/cheech/Desktop/Workspace/Ruumba/install/trial:/home/cheech/Desktop/Workspace/AGV/install/hello_world:/home/cheech/Desktop/Workspace/AGV/install/Hello_world:/opt/ros/humble /usr/bin/cmake /home/cheech/Desktop/Workspace/Four_wheeled_robot/src/skid_bot -DAMENT_CMAKE_SYMLINK_INSTALL=1 -DCMAKE_INSTALL_PREFIX=/home/cheech/Desktop/Workspace/Four_wheeled_robot/install/my_bot
[1.355s] DEBUG:colcon.colcon_core.event_handler.log_command:Invoked command in '/home/cheech/Desktop/Workspace/Four_wheeled_robot/build/my_bot' returned '0': CMAKE_PREFIX_PATH=${CMAKE_PREFIX_PATH}:/home/cheech/ws_moveit2/install/moveit_configs_utils:/home/cheech/Desktop/Workspace/Raspberry/install/rasp:/home/cheech/Desktop/Workspace/Ruumba/install/trial:/home/cheech/Desktop/Workspace/AGV/install/hello_world:/home/cheech/Desktop/Workspace/AGV/install/Hello_world:/opt/ros/humble /usr/bin/cmake /home/cheech/Desktop/Workspace/Four_wheeled_robot/src/skid_bot -DAMENT_CMAKE_SYMLINK_INSTALL=1 -DCMAKE_INSTALL_PREFIX=/home/cheech/Desktop/Workspace/Four_wheeled_robot/install/my_bot
[1.357s] DEBUG:colcon.colcon_core.event_handler.log_command:Invoking command in '/home/cheech/Desktop/Workspace/Four_wheeled_robot/build/my_bot': CMAKE_PREFIX_PATH=${CMAKE_PREFIX_PATH}:/home/cheech/ws_moveit2/install/moveit_configs_utils:/home/cheech/Desktop/Workspace/Raspberry/install/rasp:/home/cheech/Desktop/Workspace/Ruumba/install/trial:/home/cheech/Desktop/Workspace/AGV/install/hello_world:/home/cheech/Desktop/Workspace/AGV/install/Hello_world:/opt/ros/humble /usr/bin/cmake --build /home/cheech/Desktop/Workspace/Four_wheeled_robot/build/my_bot -- -j8 -l8
[1.443s] DEBUG:colcon.colcon_core.event_handler.log_command:Invoked command in '/home/cheech/Desktop/Workspace/Four_wheeled_robot/build/my_bot' returned '0': CMAKE_PREFIX_PATH=${CMAKE_PREFIX_PATH}:/home/cheech/ws_moveit2/install/moveit_configs_utils:/home/cheech/Desktop/Workspace/Raspberry/install/rasp:/home/cheech/Desktop/Workspace/Ruumba/install/trial:/home/cheech/Desktop/Workspace/AGV/install/hello_world:/home/cheech/Desktop/Workspace/AGV/install/Hello_world:/opt/ros/humble /usr/bin/cmake --build /home/cheech/Desktop/Workspace/Four_wheeled_robot/build/my_bot -- -j8 -l8
[1.526s] DEBUG:colcon.colcon_core.event_handler.log_command:Invoking command in '/home/cheech/Desktop/Workspace/Four_wheeled_robot/build/my_bot': CMAKE_PREFIX_PATH=${CMAKE_PREFIX_PATH}:/home/cheech/ws_moveit2/install/moveit_configs_utils:/home/cheech/Desktop/Workspace/Raspberry/install/rasp:/home/cheech/Desktop/Workspace/Ruumba/install/trial:/home/cheech/Desktop/Workspace/AGV/install/hello_world:/home/cheech/Desktop/Workspace/AGV/install/Hello_world:/opt/ros/humble /usr/bin/cmake --install /home/cheech/Desktop/Workspace/Four_wheeled_robot/build/my_bot
[1.877s] Level 1:colcon.colcon_core.environment:create_environment_scripts_only(my_bot)
[1.880s] DEBUG:colcon.colcon_core.event_handler.log_command:Invoked command in '/home/cheech/Desktop/Workspace/Four_wheeled_robot/build/my_bot' returned '0': CMAKE_PREFIX_PATH=${CMAKE_PREFIX_PATH}:/home/cheech/ws_moveit2/install/moveit_configs_utils:/home/cheech/Desktop/Workspace/Raspberry/install/rasp:/home/cheech/Desktop/Workspace/Ruumba/install/trial:/home/cheech/Desktop/Workspace/AGV/install/hello_world:/home/cheech/Desktop/Workspace/AGV/install/Hello_world:/opt/ros/humble /usr/bin/cmake --install /home/cheech/Desktop/Workspace/Four_wheeled_robot/build/my_bot
[1.889s] Level 1:colcon.colcon_core.environment:checking '/home/cheech/Desktop/Workspace/Four_wheeled_robot/install/my_bot' for CMake module files
[1.889s] Level 1:colcon.colcon_core.environment:checking '/home/cheech/Desktop/Workspace/Four_wheeled_robot/install/my_bot' for CMake config files
[1.890s] Level 1:colcon.colcon_core.shell:create_environment_hook('my_bot', 'cmake_prefix_path')
[1.894s] INFO:colcon.colcon_core.shell:Creating environment hook '/home/cheech/Desktop/Workspace/Four_wheeled_robot/install/my_bot/share/my_bot/hook/cmake_prefix_path.ps1'
[1.895s] INFO:colcon.colcon_core.shell:Creating environment descriptor '/home/cheech/Desktop/Workspace/Four_wheeled_robot/install/my_bot/share/my_bot/hook/cmake_prefix_path.dsv'
[1.896s] INFO:colcon.colcon_core.shell:Creating environment hook '/home/cheech/Desktop/Workspace/Four_wheeled_robot/install/my_bot/share/my_bot/hook/cmake_prefix_path.sh'
[1.898s] Level 1:colcon.colcon_core.environment:checking '/home/cheech/Desktop/Workspace/Four_wheeled_robot/install/my_bot/bin'
[1.898s] Level 1:colcon.colcon_core.environment:checking '/home/cheech/Desktop/Workspace/Four_wheeled_robot/install/my_bot/lib/pkgconfig/my_bot.pc'
[1.898s] Level 1:colcon.colcon_core.environment:checking '/home/cheech/Desktop/Workspace/Four_wheeled_robot/install/my_bot/lib/python3.10/site-packages'
[1.898s] Level 1:colcon.colcon_core.environment:checking '/home/cheech/Desktop/Workspace/Four_wheeled_robot/install/my_bot/bin'
[1.904s] INFO:colcon.colcon_core.shell:Creating package script '/home/cheech/Desktop/Workspace/Four_wheeled_robot/install/my_bot/share/my_bot/package.ps1'
[1.905s] INFO:colcon.colcon_core.shell:Creating package descriptor '/home/cheech/Desktop/Workspace/Four_wheeled_robot/install/my_bot/share/my_bot/package.dsv'
[1.905s] INFO:colcon.colcon_core.shell:Creating package script '/home/cheech/Desktop/Workspace/Four_wheeled_robot/install/my_bot/share/my_bot/package.sh'
[1.906s] INFO:colcon.colcon_core.shell:Creating package script '/home/cheech/Desktop/Workspace/Four_wheeled_robot/install/my_bot/share/my_bot/package.bash'
[1.907s] INFO:colcon.colcon_core.shell:Creating package script '/home/cheech/Desktop/Workspace/Four_wheeled_robot/install/my_bot/share/my_bot/package.zsh'
[1.908s] Level 1:colcon.colcon_core.environment:create_file_with_runtime_dependencies(/home/cheech/Desktop/Workspace/Four_wheeled_robot/install/my_bot/share/colcon-core/packages/my_bot)
[1.973s] Level 1:colcon.colcon_core.environment:create_environment_scripts_only(my_bot)
[1.980s] Level 1:colcon.colcon_core.environment:checking '/home/cheech/Desktop/Workspace/Four_wheeled_robot/install/my_bot' for CMake module files
[1.981s] Level 1:colcon.colcon_core.environment:checking '/home/cheech/Desktop/Workspace/Four_wheeled_robot/install/my_bot' for CMake config files
[1.981s] Level 1:colcon.colcon_core.shell:create_environment_hook('my_bot', 'cmake_prefix_path')
[1.988s] INFO:colcon.colcon_core.shell:Creating environment hook '/home/cheech/Desktop/Workspace/Four_wheeled_robot/install/my_bot/share/my_bot/hook/cmake_prefix_path.ps1'
[1.988s] INFO:colcon.colcon_core.shell:Creating environment descriptor '/home/cheech/Desktop/Workspace/Four_wheeled_robot/install/my_bot/share/my_bot/hook/cmake_prefix_path.dsv'
[1.989s] INFO:colcon.colcon_core.shell:Creating environment hook '/home/cheech/Desktop/Workspace/Four_wheeled_robot/install/my_bot/share/my_bot/hook/cmake_prefix_path.sh'
[1.990s] Level 1:colcon.colcon_core.environment:checking '/home/cheech/Desktop/Workspace/Four_wheeled_robot/install/my_bot/bin'
[1.990s] Level 1:colcon.colcon_core.environment:checking '/home/cheech/Desktop/Workspace/Four_wheeled_robot/install/my_bot/lib/pkgconfig/my_bot.pc'
[1.990s] Level 1:colcon.colcon_core.environment:checking '/home/cheech/Desktop/Workspace/Four_wheeled_robot/install/my_bot/lib/python3.10/site-packages'
[1.991s] Level 1:colcon.colcon_core.environment:checking '/home/cheech/Desktop/Workspace/Four_wheeled_robot/install/my_bot/bin'
[1.997s] INFO:colcon.colcon_core.shell:Creating package script '/home/cheech/Desktop/Workspace/Four_wheeled_robot/install/my_bot/share/my_bot/package.ps1'
[1.997s] INFO:colcon.colcon_core.shell:Creating package descriptor '/home/cheech/Desktop/Workspace/Four_wheeled_robot/install/my_bot/share/my_bot/package.dsv'
[1.998s] INFO:colcon.colcon_core.shell:Creating package script '/home/cheech/Desktop/Workspace/Four_wheeled_robot/install/my_bot/share/my_bot/package.sh'
[1.999s] INFO:colcon.colcon_core.shell:Creating package script '/home/cheech/Desktop/Workspace/Four_wheeled_robot/install/my_bot/share/my_bot/package.bash'
[1.999s] INFO:colcon.colcon_core.shell:Creating package script '/home/cheech/Desktop/Workspace/Four_wheeled_robot/install/my_bot/share/my_bot/package.zsh'
[2.000s] Level 1:colcon.colcon_core.environment:create_file_with_runtime_dependencies(/home/cheech/Desktop/Workspace/Four_wheeled_robot/install/my_bot/share/colcon-core/packages/my_bot)
[2.000s] DEBUG:colcon.colcon_parallel_executor.executor.parallel:closing loop
[2.001s] DEBUG:colcon.colcon_parallel_executor.executor.parallel:loop closed
[2.001s] DEBUG:colcon.colcon_parallel_executor.executor.parallel:run_until_complete finished with '0'
[2.001s] DEBUG:colcon.colcon_core.event_reactor:joining thread
[2.011s] INFO:colcon.colcon_core.plugin_system:Skipping extension 'colcon_notification.desktop_notification.terminal_notifier': Not used on non-Darwin systems
[2.012s] INFO:colcon.colcon_core.plugin_system:Skipping extension 'colcon_notification.desktop_notification.win32': Not used on non-Windows systems
[2.012s] INFO:colcon.colcon_notification.desktop_notification:Sending desktop notification using 'notify2'
[2.033s] DEBUG:colcon.colcon_core.event_reactor:joined thread
[2.044s] INFO:colcon.colcon_core.shell:Creating prefix script '/home/cheech/Desktop/Workspace/Four_wheeled_robot/install/local_setup.ps1'
[2.045s] INFO:colcon.colcon_core.shell:Creating prefix util module '/home/cheech/Desktop/Workspace/Four_wheeled_robot/install/_local_setup_util_ps1.py'
[2.048s] INFO:colcon.colcon_core.shell:Creating prefix chain script '/home/cheech/Desktop/Workspace/Four_wheeled_robot/install/setup.ps1'
[2.062s] INFO:colcon.colcon_core.shell:Creating prefix script '/home/cheech/Desktop/Workspace/Four_wheeled_robot/install/local_setup.sh'
[2.063s] INFO:colcon.colcon_core.shell:Creating prefix util module '/home/cheech/Desktop/Workspace/Four_wheeled_robot/install/_local_setup_util_sh.py'
[2.064s] INFO:colcon.colcon_core.shell:Creating prefix chain script '/home/cheech/Desktop/Workspace/Four_wheeled_robot/install/setup.sh'
[2.077s] INFO:colcon.colcon_core.shell:Creating prefix script '/home/cheech/Desktop/Workspace/Four_wheeled_robot/install/local_setup.bash'
[2.078s] INFO:colcon.colcon_core.shell:Creating prefix chain script '/home/cheech/Desktop/Workspace/Four_wheeled_robot/install/setup.bash'
[2.090s] INFO:colcon.colcon_core.shell:Creating prefix script '/home/cheech/Desktop/Workspace/Four_wheeled_robot/install/local_setup.zsh'
[2.091s] INFO:colcon.colcon_core.shell:Creating prefix chain script '/home/cheech/Desktop/Workspace/Four_wheeled_robot/install/setup.zsh'
